Log file open, 08/19/17 20:19:24
LogInit:Display: Running engine for game: BomberMan
LogPlatformFile: Not using cached read wrapper
LogInit:Display: RandInit(-1722594544) SRandInit(-1722594544).
LogTaskGraph: Started task graph with 5 named threads and 8 total threads with 1 sets of task threads.
LogStats: Stats thread started at 0.082807
LogInit: Using libcurl 7.47.1
LogInit:  - built for x86_64-pc-win32
LogInit:  - supports SSL with OpenSSL/1.0.2g
LogInit:  - supports HTTP deflate (compression) using libz 1.2.8
LogInit:  - other features:
LogInit:      CURL_VERSION_SSL
LogInit:      CURL_VERSION_LIBZ
LogInit:      CURL_VERSION_IPV6
LogInit:      CURL_VERSION_ASYNCHDNS
LogInit:      CURL_VERSION_LARGEFILE
LogInit:      CURL_VERSION_IDN
LogInit:  CurlRequestOptions (configurable via config and command line):
LogInit:  - bVerifyPeer = false  - Libcurl will NOT verify peer certificate
LogInit:  - bUseHttpProxy = false  - Libcurl will NOT use HTTP proxy
LogInit:  - bDontReuseConnections = false  - Libcurl will reuse connections
LogInit:  - CertBundlePath = nullptr  - Libcurl will use whatever was configured at build time.
LogInit: Build: ++UE4+Release-4.16-CL-3561208
LogInit: Engine Version: 4.16.3-3561208+++UE4+Release-4.16
LogInit: Compatible Engine Version: 4.16.0-3452394+++UE4+Release-4.16
LogInit: Net CL: 3452394
LogDevObjectVersion: Number of dev versions registered: 16
LogDevObjectVersion:   Dev-Blueprints (B0D832E4-1F89-4F0D-ACCF-7EB736FD4AA2): 9
LogDevObjectVersion:   Dev-Build (E1C64328-A22C-4D53-A36C-8E866417BD8C): 0
LogDevObjectVersion:   Dev-Core (375EC13C-06E4-48FB-B500-84F0262A717E): 2
LogDevObjectVersion:   Dev-Editor (E4B068ED-F494-42E9-A231-DA0B2E46BB41): 17
LogDevObjectVersion:   Dev-Framework (CFFC743F-43B0-4480-9391-14DF171D2073): 23
LogDevObjectVersion:   Dev-Mobile (B02B49B5-BB20-44E9-A304-32B752E40360): 0
LogDevObjectVersion:   Dev-Networking (A4E4105C-59A1-49B5-A7C5-40C4547EDFEE): 0
LogDevObjectVersion:   Dev-Online (39C831C9-5AE6-47DC-9A44-9C173E1C8E7C): 0
LogDevObjectVersion:   Dev-Physics (78F01B33-EBEA-4F98-B9B4-84EACCB95AA2): 0
LogDevObjectVersion:   Dev-Platform (6631380F-2D4D-43E0-8009-CF276956A95A): 0
LogDevObjectVersion:   Dev-Rendering (12F88B9F-8875-4AFC-A67C-D90C383ABD29): 15
LogDevObjectVersion:   Dev-Sequencer (7B5AE74C-D270-4C10-A958-57980B212A5A): 4
LogDevObjectVersion:   Dev-VR (D7296918-1DD6-4BDD-9DE2-64A83CC13884): 0
LogDevObjectVersion:   Dev-LoadTimes (C2A15278-BFE7-4AFE-6C17-90FF531DF755): 1
LogDevObjectVersion:   Private-Geometry (6EACA3D4-40EC-4CC1-B786-8BED09428FC5): 1
LogDevObjectVersion:   Dev-AnimPhys (29E575DD-E0A3-4627-9D10-D276232CDCEA): 3
LogInit: Compiled (64-bit): Jul 28 2017 11:49:47
LogInit: Compiled with Visual C++: 19.00.24215.01
LogInit: Build Configuration: Development
LogInit: Branch Name: ++UE4+Release-4.16
LogInit: Command line: -EpicPortal 
LogInit: Base directory: C:/Program Files/Epic Games/UE_4.16/Engine/Binaries/Win64/
LogInit: Installed Engine Build: 1
LogInit: Presizing for max 8388607 objects, including 0 objects not considered by GC, pre-allocating 0 bytes for permanent pool.
LogInit: Object subsystem initialized
[2017.08.19-19.19.25:193][  0]LogInit: Selected Device Profile: [Windows]
[2017.08.19-19.19.25:193][  0]LogInit: Applying CVar settings loaded from the selected device profile: [Windows]
[2017.08.19-19.19.25:201][  0]LogInit: Computer: TOMS-PC
[2017.08.19-19.19.25:201][  0]LogInit: User: Thomas
[2017.08.19-19.19.25:201][  0]LogInit: CPU Page size=4096, Cores=4
[2017.08.19-19.19.25:201][  0]LogInit: High frequency timer resolution =3.906247 MHz
[2017.08.19-19.19.25:201][  0]LogMemory: Memory total: Physical=15.9GB (16GB approx)
[2017.08.19-19.19.25:201][  0]LogMemory: Platform Memory Stats for Windows
[2017.08.19-19.19.25:201][  0]LogMemory: Process Physical Memory: 272.73 MB used, 272.73 MB peak
[2017.08.19-19.19.25:201][  0]LogMemory: Process Virtual Memory: 260.93 MB used, 260.93 MB peak
[2017.08.19-19.19.25:201][  0]LogMemory: Physical Memory: 7624.38 MB used,  8703.54 MB free, 16327.92 MB total
[2017.08.19-19.19.25:201][  0]LogMemory: Virtual Memory: 643.29 MB used,  8703.54 MB free, 134217728.00 MB total
[2017.08.19-19.19.25:262][  0]LogInit: Using OS detected language (en-GB).
[2017.08.19-19.19.25:262][  0]LogInit: Using OS detected locale (en-GB).
[2017.08.19-19.19.25:265][  0]LogTextLocalizationManager: No specific localization for 'en-GB' exists, so the 'en' localization will be used.
[2017.08.19-19.19.26:033][  0]LogD3D11RHI: D3D11 adapters:
[2017.08.19-19.19.26:066][  0]LogD3D11RHI:    0. 'NVIDIA GeForce GTX 980' (Feature Level 11_0)
[2017.08.19-19.19.26:066][  0]LogD3D11RHI:       4060/0/8163 MB DedicatedVideo/DedicatedSystem/SharedSystem, Outputs:1, VendorId:0x10de
[2017.08.19-19.19.26:067][  0]LogD3D11RHI:    1. 'Microsoft Basic Render Driver' (Feature Level 11_0)
[2017.08.19-19.19.26:067][  0]LogD3D11RHI:       0/0/8163 MB DedicatedVideo/DedicatedSystem/SharedSystem, Outputs:0, VendorId:0x1414
[2017.08.19-19.19.26:067][  0]LogD3D11RHI: Chosen D3D11 Adapter: 0
[2017.08.19-19.19.26:072][  0]LogD3D11RHI: Creating new Direct3DDevice
[2017.08.19-19.19.26:072][  0]LogD3D11RHI:     GPU DeviceId: 0x13c0 (for the marketing name, search the web for "GPU Device Id")
[2017.08.19-19.19.26:072][  0]LogWindows: EnumDisplayDevices:
[2017.08.19-19.19.26:072][  0]LogWindows:    0. 'NVIDIA GeForce GTX 980' (P:1 D:1)
[2017.08.19-19.19.26:072][  0]LogWindows:    1. 'NVIDIA GeForce GTX 980' (P:0 D:0)
[2017.08.19-19.19.26:072][  0]LogWindows:    2. 'NVIDIA GeForce GTX 980' (P:0 D:0)
[2017.08.19-19.19.26:072][  0]LogWindows:    3. 'NVIDIA GeForce GTX 980' (P:0 D:0)
[2017.08.19-19.19.26:073][  0]LogWindows: DebugString: FoundDriverCount:4 
[2017.08.19-19.19.26:073][  0]LogD3D11RHI:     Adapter Name: NVIDIA GeForce GTX 980
[2017.08.19-19.19.26:073][  0]LogD3D11RHI:   Driver Version: 382.05 (internal:22.21.13.8205, unified:382.05)
[2017.08.19-19.19.26:073][  0]LogD3D11RHI:      Driver Date: 5-1-2017
[2017.08.19-19.19.26:073][  0]LogRHI: Texture pool is 1361 MB (70% of 1945 MB)
[2017.08.19-19.19.26:098][  0]LogD3D11RHI: Async texture creation enabled
[2017.08.19-19.19.26:108][  0]LogD3D11RHI: GPU Timing Frequency: 1000.000000 (Debug: 2 1)
[2017.08.19-19.19.26:151][  0]LogShaderCompilers: Guid format shader working directory is -38 characters bigger than the processId version (../../../../../../Users/Thomas/Documents/GitHub/Bomber-Man-Programming-Test/BomberMan/Intermediate/Shaders/WorkingDirectory/5668/).
[2017.08.19-19.19.26:151][  0]LogShaderCompilers: Cleaned the shader compiler working directory 'C:/Users/Thomas/AppData/Local/Temp/UnrealShaderWorkingDir/D96DE3FE46E93442707EB88DB479B83D/'.
[2017.08.19-19.19.26:151][  0]LogShaderCompilers:Display: Using Local Shader Compiler.
[2017.08.19-19.19.27:072][  0]LogTemp:Display: Loaded TP AllDesktopTargetPlatform
[2017.08.19-19.19.27:114][  0]LogTemp:Display: Loaded TP MacClientTargetPlatform
[2017.08.19-19.19.27:160][  0]LogTemp:Display: Loaded TP MacNoEditorTargetPlatform
[2017.08.19-19.19.27:214][  0]LogTemp:Display: Loaded TP MacServerTargetPlatform
[2017.08.19-19.19.27:271][  0]LogTemp:Display: Loaded TP MacTargetPlatform
[2017.08.19-19.19.27:313][  0]LogTemp:Display: Loaded TP WindowsClientTargetPlatform
[2017.08.19-19.19.27:353][  0]LogTemp:Display: Loaded TP WindowsNoEditorTargetPlatform
[2017.08.19-19.19.27:397][  0]LogTemp:Display: Loaded TP WindowsServerTargetPlatform
[2017.08.19-19.19.27:432][  0]LogTemp:Display: Loaded TP WindowsTargetPlatform
[2017.08.19-19.19.27:475][  0]LogTemp:Display: Loaded TP AndroidTargetPlatform
[2017.08.19-19.19.27:516][  0]LogTemp:Display: Loaded TP Android_ASTCTargetPlatform
[2017.08.19-19.19.27:556][  0]LogTemp:Display: Loaded TP Android_ATCTargetPlatform
[2017.08.19-19.19.27:595][  0]LogTemp:Display: Loaded TP Android_DXTTargetPlatform
[2017.08.19-19.19.27:635][  0]LogTemp:Display: Loaded TP Android_ETC1TargetPlatform
[2017.08.19-19.19.27:679][  0]LogTemp:Display: Loaded TP Android_ETC2TargetPlatform
[2017.08.19-19.19.27:762][  0]LogTemp:Display: Loaded TP Android_MultiTargetPlatform
[2017.08.19-19.19.27:762][  0]LogTemp:Display: Loaded TP Android_PVRTCTargetPlatform
[2017.08.19-19.19.27:794][  0]LogTemp:Display: Loaded TP HTML5TargetPlatform
[2017.08.19-19.19.27:876][  0]LogTemp:Display: Loaded TP IOSTargetPlatform
[2017.08.19-19.19.27:902][  0]LogTemp:Display: Loaded TP TVOSTargetPlatform
[2017.08.19-19.19.27:942][  0]LogTemp:Display: Loaded TP LinuxClientTargetPlatform
[2017.08.19-19.19.27:983][  0]LogTemp:Display: Loaded TP LinuxNoEditorTargetPlatform
[2017.08.19-19.19.28:024][  0]LogTemp:Display: Loaded TP LinuxServerTargetPlatform
[2017.08.19-19.19.28:065][  0]LogTemp:Display: Loaded TP LinuxTargetPlatform
[2017.08.19-19.19.28:065][  0]LogTargetPlatformManager:Display: Building Assets For Windows
[2017.08.19-19.19.28:486][  0]LogDerivedDataCache:Display: Max Cache Size: 512 MB
[2017.08.19-19.19.28:563][  0]LogDerivedDataCache: Loaded boot cache 0.08s 90MB C:/Users/Thomas/AppData/Local/UnrealEngine/4.16/DerivedDataCache/Boot.ddc.
[2017.08.19-19.19.28:563][  0]LogDerivedDataCache:Display: Loaded Boot cache: C:/Users/Thomas/AppData/Local/UnrealEngine/4.16/DerivedDataCache/Boot.ddc
[2017.08.19-19.19.28:564][  0]LogDerivedDataCache: FDerivedDataBackendGraph:  Pak pak cache file ../../../../../../Users/Thomas/Documents/GitHub/Bomber-Man-Programming-Test/BomberMan/DerivedDataCache/DDC.ddp not found, will not use a pak cache.
[2017.08.19-19.19.28:564][  0]LogDerivedDataCache: Unable to find inner node Pak for hierarchical cache Hierarchy.
[2017.08.19-19.19.28:564][  0]LogDerivedDataCache: FDerivedDataBackendGraph:  CompressedPak pak cache file ../../../../../../Users/Thomas/Documents/GitHub/Bomber-Man-Programming-Test/BomberMan/DerivedDataCache/Compressed.ddp not found, will not use a pak cache.
[2017.08.19-19.19.28:564][  0]LogDerivedDataCache: Unable to find inner node CompressedPak for hierarchical cache Hierarchy.
[2017.08.19-19.19.28:578][  0]LogDerivedDataCache:Display: Pak cache opened for reading ../../../Engine/DerivedDataCache/Compressed.ddp.
[2017.08.19-19.19.28:589][  0]LogDerivedDataCache: Using Local data cache path C:/Users/Thomas/AppData/Local/UnrealEngine/Common/DerivedDataCache: Writable
[2017.08.19-19.19.28:597][  0]LogMaterial: Verifying Global Shaders for PCD3D_SM5
[2017.08.19-19.19.28:597][  0]LogSlate: Using Freetype 2.6.0
[2017.08.19-19.19.28:598][  0]LogSlate: SlateFontCache - WITH_FREETYPE: 1, WITH_HARFBUZZ: 1
[2017.08.19-19.19.28:598][  0]LogSlate: SlateFontCache - WITH_FREETYPE: 1, WITH_HARFBUZZ: 1
[2017.08.19-19.19.28:891][  0]LogInit: Selected Device Profile: [Windows]
[2017.08.19-19.19.28:948][  0]LogContentStreaming: Texture pool size is 0.00 MB
[2017.08.19-19.19.29:076][  0]LogMeshUtilities: Using QuadricMeshReduction for automatic static mesh reduction
[2017.08.19-19.19.29:111][  0]LogSimplygon: Simplygon DLL not present - disabling.
[2017.08.19-19.19.29:151][  0]LogMeshUtilities: Using SimplygonSwarm for distributed automatic mesh merging
[2017.08.19-19.19.29:151][  0]LogMeshUtilities: No automatic skeletal mesh reduction module available
[2017.08.19-19.19.29:151][  0]LogMeshUtilities: No automatic mesh merging module available
[2017.08.19-19.19.29:590][  0]LogNetVersion: BomberMan , NetCL: 3452394, EngineNetVer: 2, GameNetVer: 0 (Checksum: 3079497874)
[2017.08.19-19.19.29:644][  0]LogAssetRegistry: FAssetRegistry took 0.0247 seconds to start up
[2017.08.19-19.19.29:700][  0]LogPackageLocalizationCache: Processed 4 localized package path(s) for 2 prioritized culture(s) in 0.033439 seconds
[2017.08.19-19.19.29:706][  0]LogUObjectArray: 34194 objects as part of root set at end of initial load.
[2017.08.19-19.19.29:706][  0]LogUObjectAllocator: 7260416 out of 0 bytes used by permanent object pool.
[2017.08.19-19.19.29:706][  0]LogUObjectArray: CloseDisregardForGC: 0/0 objects in disregard for GC pool
[2017.08.19-19.19.29:763][  0]LogInit: WinSock: version 1.1 (2.2), MaxSocks=32767, MaxUdp=65467
[2017.08.19-19.19.31:830][  0]LogTcpMessaging: Initializing TcpMessaging bridge
[2017.08.19-19.19.31:878][  0]LogUdpMessaging: Initializing bridge on interface 0.0.0.0:0 to multicast group 230.0.0.1:6666.
[2017.08.19-19.19.32:570][  0]LogMaterial: Uniform references updated for custom material expression Custom.
[2017.08.19-19.19.33:000][  0]SourceControl: Info Source control is disabled
[2017.08.19-19.19.33:025][  0]SourceControl: Info Source control is disabled
[2017.08.19-19.19.33:063][  0]SourceControl: Info Source control is disabled
[2017.08.19-19.19.33:112][  0]SourceControl: Info Source control is disabled
[2017.08.19-19.19.33:824][  0]LogAndroidPermission: UAndroidPermissionCallbackProxy::GetInstance
[2017.08.19-19.19.34:468][  0]LogEngine: Initializing Engine...
[2017.08.19-19.19.34:468][  0]LogHMD: Failed to initialize OpenVR with code 110
[2017.08.19-19.19.34:646][  0]LogStats: UGameplayTagsManager::ConstructGameplayTagTree: Construct from data asset -  0.000 s
[2017.08.19-19.19.34:646][  0]LogStats: UGameplayTagsManager::ConstructGameplayTagTree: GameplayTagTreeChangedEvent.Broadcast -  0.000 s
[2017.08.19-19.19.34:779][  0]LogAIModule: Creating AISystem for world Untitled
[2017.08.19-19.19.34:794][  0]LogInit: XAudio2 using 'Speakers (Realtek High Definition Audio)' : 2 channels at 48 kHz using 32 bits per sample (channel mask 0x3)
[2017.08.19-19.19.34:814][  0]LogInit: FAudioDevice initialized.
[2017.08.19-19.19.34:854][  0]LogDerivedDataCache: Saved boot cache 0.04s 90MB C:/Users/Thomas/AppData/Local/UnrealEngine/4.16/DerivedDataCache/Boot.ddc.
[2017.08.19-19.19.34:865][  0]LogInit: Texture streaming: Enabled
[2017.08.19-19.19.34:962][  0]LogEngineSessionManager: EngineSessionManager initialized
[2017.08.19-19.19.35:170][  0]LogInit: Transaction tracking system initialized
[2017.08.19-19.19.35:487][  0]BlueprintLog: New page: Editor Load
[2017.08.19-19.19.36:455][  0]LocalizationService: Info Localization service is disabled
[2017.08.19-19.19.37:076][  0]LogConsoleResponse:Display: 
[2017.08.19-19.19.37:200][  0]LogCook:Display: Max memory allowance for cook 16384mb min free memory 0mb
[2017.08.19-19.19.37:200][  0]LogCook:Display: Mobile HDR setting 1
[2017.08.19-19.19.37:585][  0]LogFileCache: Scanning file cache for directory 'C:/Users/Thomas/Documents/GitHub/Bomber-Man-Programming-Test/BomberMan/Content/' took 0.01s
[2017.08.19-19.19.38:394][  0]SourceControl: Info Source control is disabled
[2017.08.19-19.19.38:395][  0]LogFactory: FactoryCreateFile: PackFactory with PackFactory (0 0 C:/Program Files/Epic Games/UE_4.16/FeaturePacks/StarterContent.upack)
[2017.08.19-19.19.38:401][  0]LogPackFactory: Finished extracting 8 files (including 0 errors).
[2017.08.19-19.19.38:406][  0]LogPackFactory: Copied "../../../Samples/StarterContent/Content/StarterContent/Architecture/Floor_400x400.uasset" to "../../../../../../Users/Thomas/Documents/GitHub/Bomber-Man-Programming-Test/BomberMan/Content/StarterContent/Architecture/Floor_400x400.uasset"
[2017.08.19-19.19.38:410][  0]LogPackFactory: Copied "../../../Samples/StarterContent/Content/StarterContent/Architecture/Pillar_50x500.uasset" to "../../../../../../Users/Thomas/Documents/GitHub/Bomber-Man-Programming-Test/BomberMan/Content/StarterContent/Architecture/Pillar_50x500.uasset"
[2017.08.19-19.19.38:415][  0]LogPackFactory: Copied "../../../Samples/StarterContent/Content/StarterContent/Architecture/SM_AssetPlatform.uasset" to "../../../../../../Users/Thomas/Documents/GitHub/Bomber-Man-Programming-Test/BomberMan/Content/StarterContent/Architecture/SM_AssetPlatform.uasset"
[2017.08.19-19.19.38:419][  0]LogPackFactory: Copied "../../../Samples/StarterContent/Content/StarterContent/Architecture/Wall_400x200.uasset" to "../../../../../../Users/Thomas/Documents/GitHub/Bomber-Man-Programming-Test/BomberMan/Content/StarterContent/Architecture/Wall_400x200.uasset"
[2017.08.19-19.19.38:423][  0]LogPackFactory: Copied "../../../Samples/StarterContent/Content/StarterContent/Architecture/Wall_400x300.uasset" to "../../../../../../Users/Thomas/Documents/GitHub/Bomber-Man-Programming-Test/BomberMan/Content/StarterContent/Architecture/Wall_400x300.uasset"
[2017.08.19-19.19.38:426][  0]LogPackFactory: Copied "../../../Samples/StarterContent/Content/StarterContent/Architecture/Wall_400x400.uasset" to "../../../../../../Users/Thomas/Documents/GitHub/Bomber-Man-Programming-Test/BomberMan/Content/StarterContent/Architecture/Wall_400x400.uasset"
[2017.08.19-19.19.38:429][  0]LogPackFactory: Copied "../../../Samples/StarterContent/Content/StarterContent/Architecture/Wall_500x500.uasset" to "../../../../../../Users/Thomas/Documents/GitHub/Bomber-Man-Programming-Test/BomberMan/Content/StarterContent/Architecture/Wall_500x500.uasset"
[2017.08.19-19.19.38:433][  0]LogPackFactory: Copied "../../../Samples/StarterContent/Content/StarterContent/Architecture/Wall_Door_400x300.uasset" to "../../../../../../Users/Thomas/Documents/GitHub/Bomber-Man-Programming-Test/BomberMan/Content/StarterContent/Architecture/Wall_Door_400x300.uasset"
[2017.08.19-19.19.38:438][  0]LogPackFactory: Copied "../../../Samples/StarterContent/Content/StarterContent/Architecture/Wall_Door_400x400.uasset" to "../../../../../../Users/Thomas/Documents/GitHub/Bomber-Man-Programming-Test/BomberMan/Content/StarterContent/Architecture/Wall_Door_400x400.uasset"
[2017.08.19-19.19.38:442][  0]LogPackFactory: Copied "../../../Samples/StarterContent/Content/StarterContent/Architecture/Wall_Window_400x300.uasset" to "../../../../../../Users/Thomas/Documents/GitHub/Bomber-Man-Programming-Test/BomberMan/Content/StarterContent/Architecture/Wall_Window_400x300.uasset"
[2017.08.19-19.19.38:446][  0]LogPackFactory: Copied "../../../Samples/StarterContent/Content/StarterContent/Architecture/Wall_Window_400x400.uasset" to "../../../../../../Users/Thomas/Documents/GitHub/Bomber-Man-Programming-Test/BomberMan/Content/StarterContent/Architecture/Wall_Window_400x400.uasset"
[2017.08.19-19.19.38:450][  0]LogPackFactory: Copied "../../../Samples/StarterContent/Content/StarterContent/Audio/Collapse01.uasset" to "../../../../../../Users/Thomas/Documents/GitHub/Bomber-Man-Programming-Test/BomberMan/Content/StarterContent/Audio/Collapse01.uasset"
[2017.08.19-19.19.38:453][  0]LogPackFactory: Copied "../../../Samples/StarterContent/Content/StarterContent/Audio/Collapse02.uasset" to "../../../../../../Users/Thomas/Documents/GitHub/Bomber-Man-Programming-Test/BomberMan/Content/StarterContent/Audio/Collapse02.uasset"
[2017.08.19-19.19.38:457][  0]LogPackFactory: Copied "../../../Samples/StarterContent/Content/StarterContent/Audio/Collapse_Cue.uasset" to "../../../../../../Users/Thomas/Documents/GitHub/Bomber-Man-Programming-Test/BomberMan/Content/StarterContent/Audio/Collapse_Cue.uasset"
[2017.08.19-19.19.38:460][  0]LogPackFactory: Copied "../../../Samples/StarterContent/Content/StarterContent/Audio/Explosion01.uasset" to "../../../../../../Users/Thomas/Documents/GitHub/Bomber-Man-Programming-Test/BomberMan/Content/StarterContent/Audio/Explosion01.uasset"
[2017.08.19-19.19.38:465][  0]LogPackFactory: Copied "../../../Samples/StarterContent/Content/StarterContent/Audio/Explosion02.uasset" to "../../../../../../Users/Thomas/Documents/GitHub/Bomber-Man-Programming-Test/BomberMan/Content/StarterContent/Audio/Explosion02.uasset"
[2017.08.19-19.19.38:469][  0]LogPackFactory: Copied "../../../Samples/StarterContent/Content/StarterContent/Audio/Explosion_Cue.uasset" to "../../../../../../Users/Thomas/Documents/GitHub/Bomber-Man-Programming-Test/BomberMan/Content/StarterContent/Audio/Explosion_Cue.uasset"
[2017.08.19-19.19.38:474][  0]LogPackFactory: Copied "../../../Samples/StarterContent/Content/StarterContent/Audio/Fire01.uasset" to "../../../../../../Users/Thomas/Documents/GitHub/Bomber-Man-Programming-Test/BomberMan/Content/StarterContent/Audio/Fire01.uasset"
[2017.08.19-19.19.38:479][  0]LogPackFactory: Copied "../../../Samples/StarterContent/Content/StarterContent/Audio/Fire01_Cue.uasset" to "../../../../../../Users/Thomas/Documents/GitHub/Bomber-Man-Programming-Test/BomberMan/Content/StarterContent/Audio/Fire01_Cue.uasset"
[2017.08.19-19.19.38:483][  0]LogPackFactory: Copied "../../../Samples/StarterContent/Content/StarterContent/Audio/Fire_Sparks01.uasset" to "../../../../../../Users/Thomas/Documents/GitHub/Bomber-Man-Programming-Test/BomberMan/Content/StarterContent/Audio/Fire_Sparks01.uasset"
[2017.08.19-19.19.38:488][  0]LogPackFactory: Copied "../../../Samples/StarterContent/Content/StarterContent/Audio/Fire_Sparks01_Cue.uasset" to "../../../../../../Users/Thomas/Documents/GitHub/Bomber-Man-Programming-Test/BomberMan/Content/StarterContent/Audio/Fire_Sparks01_Cue.uasset"
[2017.08.19-19.19.38:492][  0]LogPackFactory: Copied "../../../Samples/StarterContent/Content/StarterContent/Audio/Light01.uasset" to "../../../../../../Users/Thomas/Documents/GitHub/Bomber-Man-Programming-Test/BomberMan/Content/StarterContent/Audio/Light01.uasset"
[2017.08.19-19.19.38:496][  0]LogPackFactory: Copied "../../../Samples/StarterContent/Content/StarterContent/Audio/Light01_Cue.uasset" to "../../../../../../Users/Thomas/Documents/GitHub/Bomber-Man-Programming-Test/BomberMan/Content/StarterContent/Audio/Light01_Cue.uasset"
[2017.08.19-19.19.38:500][  0]LogPackFactory: Copied "../../../Samples/StarterContent/Content/StarterContent/Audio/Light02.uasset" to "../../../../../../Users/Thomas/Documents/GitHub/Bomber-Man-Programming-Test/BomberMan/Content/StarterContent/Audio/Light02.uasset"
[2017.08.19-19.19.38:504][  0]LogPackFactory: Copied "../../../Samples/StarterContent/Content/StarterContent/Audio/Light02_Cue.uasset" to "../../../../../../Users/Thomas/Documents/GitHub/Bomber-Man-Programming-Test/BomberMan/Content/StarterContent/Audio/Light02_Cue.uasset"
[2017.08.19-19.19.38:509][  0]LogPackFactory: Copied "../../../Samples/StarterContent/Content/StarterContent/Audio/Smoke01.uasset" to "../../../../../../Users/Thomas/Documents/GitHub/Bomber-Man-Programming-Test/BomberMan/Content/StarterContent/Audio/Smoke01.uasset"
[2017.08.19-19.19.38:512][  0]LogPackFactory: Copied "../../../Samples/StarterContent/Content/StarterContent/Audio/Smoke01_Cue.uasset" to "../../../../../../Users/Thomas/Documents/GitHub/Bomber-Man-Programming-Test/BomberMan/Content/StarterContent/Audio/Smoke01_Cue.uasset"
[2017.08.19-19.19.38:516][  0]LogPackFactory: Copied "../../../Samples/StarterContent/Content/StarterContent/Audio/Starter_Background_Cue.uasset" to "../../../../../../Users/Thomas/Documents/GitHub/Bomber-Man-Programming-Test/BomberMan/Content/StarterContent/Audio/Starter_Background_Cue.uasset"
[2017.08.19-19.19.38:522][  0]LogPackFactory: Copied "../../../Samples/StarterContent/Content/StarterContent/Audio/Starter_Birds01.uasset" to "../../../../../../Users/Thomas/Documents/GitHub/Bomber-Man-Programming-Test/BomberMan/Content/StarterContent/Audio/Starter_Birds01.uasset"
[2017.08.19-19.19.38:530][  0]LogPackFactory: Copied "../../../Samples/StarterContent/Content/StarterContent/Audio/Starter_Music01.uasset" to "../../../../../../Users/Thomas/Documents/GitHub/Bomber-Man-Programming-Test/BomberMan/Content/StarterContent/Audio/Starter_Music01.uasset"
[2017.08.19-19.19.38:534][  0]LogPackFactory: Copied "../../../Samples/StarterContent/Content/StarterContent/Audio/Starter_Music_Cue.uasset" to "../../../../../../Users/Thomas/Documents/GitHub/Bomber-Man-Programming-Test/BomberMan/Content/StarterContent/Audio/Starter_Music_Cue.uasset"
[2017.08.19-19.19.38:541][  0]LogPackFactory: Copied "../../../Samples/StarterContent/Content/StarterContent/Audio/Starter_Wind05.uasset" to "../../../../../../Users/Thomas/Documents/GitHub/Bomber-Man-Programming-Test/BomberMan/Content/StarterContent/Audio/Starter_Wind05.uasset"
[2017.08.19-19.19.38:546][  0]LogPackFactory: Copied "../../../Samples/StarterContent/Content/StarterContent/Audio/Starter_Wind06.uasset" to "../../../../../../Users/Thomas/Documents/GitHub/Bomber-Man-Programming-Test/BomberMan/Content/StarterContent/Audio/Starter_Wind06.uasset"
[2017.08.19-19.19.38:551][  0]LogPackFactory: Copied "../../../Samples/StarterContent/Content/StarterContent/Audio/Steam01.uasset" to "../../../../../../Users/Thomas/Documents/GitHub/Bomber-Man-Programming-Test/BomberMan/Content/StarterContent/Audio/Steam01.uasset"
[2017.08.19-19.19.38:556][  0]LogPackFactory: Copied "../../../Samples/StarterContent/Content/StarterContent/Audio/Steam01_Cue.uasset" to "../../../../../../Users/Thomas/Documents/GitHub/Bomber-Man-Programming-Test/BomberMan/Content/StarterContent/Audio/Steam01_Cue.uasset"
[2017.08.19-19.19.38:561][  0]LogPackFactory: Copied "../../../Samples/StarterContent/Content/StarterContent/Blueprints/Blueprint_CeilingLight.uasset" to "../../../../../../Users/Thomas/Documents/GitHub/Bomber-Man-Programming-Test/BomberMan/Content/StarterContent/Blueprints/Blueprint_CeilingLight.uasset"
[2017.08.19-19.19.38:565][  0]LogPackFactory: Copied "../../../Samples/StarterContent/Content/StarterContent/Blueprints/Blueprint_Effect_Explosion.uasset" to "../../../../../../Users/Thomas/Documents/GitHub/Bomber-Man-Programming-Test/BomberMan/Content/StarterContent/Blueprints/Blueprint_Effect_Explosion.uasset"
[2017.08.19-19.19.38:569][  0]LogPackFactory: Copied "../../../Samples/StarterContent/Content/StarterContent/Blueprints/Blueprint_Effect_Fire.uasset" to "../../../../../../Users/Thomas/Documents/GitHub/Bomber-Man-Programming-Test/BomberMan/Content/StarterContent/Blueprints/Blueprint_Effect_Fire.uasset"
[2017.08.19-19.19.38:573][  0]LogPackFactory: Copied "../../../Samples/StarterContent/Content/StarterContent/Blueprints/Blueprint_Effect_Smoke.uasset" to "../../../../../../Users/Thomas/Documents/GitHub/Bomber-Man-Programming-Test/BomberMan/Content/StarterContent/Blueprints/Blueprint_Effect_Smoke.uasset"
[2017.08.19-19.19.38:577][  0]LogPackFactory: Copied "../../../Samples/StarterContent/Content/StarterContent/Blueprints/Blueprint_Effect_Sparks.uasset" to "../../../../../../Users/Thomas/Documents/GitHub/Bomber-Man-Programming-Test/BomberMan/Content/StarterContent/Blueprints/Blueprint_Effect_Sparks.uasset"
[2017.08.19-19.19.38:581][  0]LogPackFactory: Copied "../../../Samples/StarterContent/Content/StarterContent/Blueprints/Blueprint_Effect_Steam.uasset" to "../../../../../../Users/Thomas/Documents/GitHub/Bomber-Man-Programming-Test/BomberMan/Content/StarterContent/Blueprints/Blueprint_Effect_Steam.uasset"
[2017.08.19-19.19.38:585][  0]LogPackFactory: Copied "../../../Samples/StarterContent/Content/StarterContent/Blueprints/Blueprint_WallSconce.uasset" to "../../../../../../Users/Thomas/Documents/GitHub/Bomber-Man-Programming-Test/BomberMan/Content/StarterContent/Blueprints/Blueprint_WallSconce.uasset"
[2017.08.19-19.19.38:589][  0]LogPackFactory: Copied "../../../Samples/StarterContent/Content/StarterContent/Blueprints/BP_LightStudio.uasset" to "../../../../../../Users/Thomas/Documents/GitHub/Bomber-Man-Programming-Test/BomberMan/Content/StarterContent/Blueprints/BP_LightStudio.uasset"
[2017.08.19-19.19.38:593][  0]LogPackFactory: Copied "../../../Samples/StarterContent/Content/StarterContent/Blueprints/Assets/FogBrightnessLUT.uasset" to "../../../../../../Users/Thomas/Documents/GitHub/Bomber-Man-Programming-Test/BomberMan/Content/StarterContent/Blueprints/Assets/FogBrightnessLUT.uasset"
[2017.08.19-19.19.38:596][  0]LogPackFactory: Copied "../../../Samples/StarterContent/Content/StarterContent/Blueprints/Assets/M_LightStage_Arrows.uasset" to "../../../../../../Users/Thomas/Documents/GitHub/Bomber-Man-Programming-Test/BomberMan/Content/StarterContent/Blueprints/Assets/M_LightStage_Arrows.uasset"
[2017.08.19-19.19.38:600][  0]LogPackFactory: Copied "../../../Samples/StarterContent/Content/StarterContent/Blueprints/Assets/M_LightStage_Skybox_Black.uasset" to "../../../../../../Users/Thomas/Documents/GitHub/Bomber-Man-Programming-Test/BomberMan/Content/StarterContent/Blueprints/Assets/M_LightStage_Skybox_Black.uasset"
[2017.08.19-19.19.38:603][  0]LogPackFactory: Copied "../../../Samples/StarterContent/Content/StarterContent/Blueprints/Assets/M_LightStage_Skybox_HDRI.uasset" to "../../../../../../Users/Thomas/Documents/GitHub/Bomber-Man-Programming-Test/BomberMan/Content/StarterContent/Blueprints/Assets/M_LightStage_Skybox_HDRI.uasset"
[2017.08.19-19.19.38:607][  0]LogPackFactory: Copied "../../../Samples/StarterContent/Content/StarterContent/Blueprints/Assets/M_LightStage_Skybox_Master.uasset" to "../../../../../../Users/Thomas/Documents/GitHub/Bomber-Man-Programming-Test/BomberMan/Content/StarterContent/Blueprints/Assets/M_LightStage_Skybox_Master.uasset"
[2017.08.19-19.19.38:611][  0]LogPackFactory: Copied "../../../Samples/StarterContent/Content/StarterContent/Blueprints/Assets/Skybox.uasset" to "../../../../../../Users/Thomas/Documents/GitHub/Bomber-Man-Programming-Test/BomberMan/Content/StarterContent/Blueprints/Assets/Skybox.uasset"
[2017.08.19-19.19.38:614][  0]LogPackFactory: Copied "../../../Samples/StarterContent/Content/StarterContent/Blueprints/Assets/SM_Arrows.uasset" to "../../../../../../Users/Thomas/Documents/GitHub/Bomber-Man-Programming-Test/BomberMan/Content/StarterContent/Blueprints/Assets/SM_Arrows.uasset"
[2017.08.19-19.19.38:618][  0]LogPackFactory: Copied "../../../Samples/StarterContent/Content/StarterContent/Blueprints/Assets/SunlightColorLUT.uasset" to "../../../../../../Users/Thomas/Documents/GitHub/Bomber-Man-Programming-Test/BomberMan/Content/StarterContent/Blueprints/Assets/SunlightColorLUT.uasset"
[2017.08.19-19.19.38:661][  0]LogPackFactory: Copied "../../../Samples/StarterContent/Content/StarterContent/HDRI/HDRI_Epic_Courtyard_Daylight.uasset" to "../../../../../../Users/Thomas/Documents/GitHub/Bomber-Man-Programming-Test/BomberMan/Content/StarterContent/HDRI/HDRI_Epic_Courtyard_Daylight.uasset"
[2017.08.19-19.19.38:666][  0]LogPackFactory: Copied "../../../Samples/StarterContent/Content/StarterContent/Maps/Advanced_Lighting.umap" to "../../../../../../Users/Thomas/Documents/GitHub/Bomber-Man-Programming-Test/BomberMan/Content/StarterContent/Maps/Advanced_Lighting.umap"
[2017.08.19-19.19.38:670][  0]LogPackFactory: Copied "../../../Samples/StarterContent/Content/StarterContent/Maps/Advanced_Lighting_BuiltData.uasset" to "../../../../../../Users/Thomas/Documents/GitHub/Bomber-Man-Programming-Test/BomberMan/Content/StarterContent/Maps/Advanced_Lighting_BuiltData.uasset"
[2017.08.19-19.19.38:675][  0]LogPackFactory: Copied "../../../Samples/StarterContent/Content/StarterContent/Maps/Minimal_Default.umap" to "../../../../../../Users/Thomas/Documents/GitHub/Bomber-Man-Programming-Test/BomberMan/Content/StarterContent/Maps/Minimal_Default.umap"
[2017.08.19-19.19.38:679][  0]LogPackFactory: Copied "../../../Samples/StarterContent/Content/StarterContent/Maps/Minimal_Default_BuiltData.uasset" to "../../../../../../Users/Thomas/Documents/GitHub/Bomber-Man-Programming-Test/BomberMan/Content/StarterContent/Maps/Minimal_Default_BuiltData.uasset"
[2017.08.19-19.19.38:685][  0]LogPackFactory: Copied "../../../Samples/StarterContent/Content/StarterContent/Maps/StarterMap.umap" to "../../../../../../Users/Thomas/Documents/GitHub/Bomber-Man-Programming-Test/BomberMan/Content/StarterContent/Maps/StarterMap.umap"
[2017.08.19-19.19.38:695][  0]LogPackFactory: Copied "../../../Samples/StarterContent/Content/StarterContent/Maps/StarterMap_BuiltData.uasset" to "../../../../../../Users/Thomas/Documents/GitHub/Bomber-Man-Programming-Test/BomberMan/Content/StarterContent/Maps/StarterMap_BuiltData.uasset"
[2017.08.19-19.19.38:700][  0]LogPackFactory: Copied "../../../Samples/StarterContent/Content/StarterContent/Materials/M_AssetPlatform.uasset" to "../../../../../../Users/Thomas/Documents/GitHub/Bomber-Man-Programming-Test/BomberMan/Content/StarterContent/Materials/M_AssetPlatform.uasset"
[2017.08.19-19.19.38:706][  0]LogPackFactory: Copied "../../../Samples/StarterContent/Content/StarterContent/Materials/M_Basic_Floor.uasset" to "../../../../../../Users/Thomas/Documents/GitHub/Bomber-Man-Programming-Test/BomberMan/Content/StarterContent/Materials/M_Basic_Floor.uasset"
[2017.08.19-19.19.38:710][  0]LogPackFactory: Copied "../../../Samples/StarterContent/Content/StarterContent/Materials/M_Basic_Wall.uasset" to "../../../../../../Users/Thomas/Documents/GitHub/Bomber-Man-Programming-Test/BomberMan/Content/StarterContent/Materials/M_Basic_Wall.uasset"
[2017.08.19-19.19.38:715][  0]LogPackFactory: Copied "../../../Samples/StarterContent/Content/StarterContent/Materials/M_Brick_Clay_Beveled.uasset" to "../../../../../../Users/Thomas/Documents/GitHub/Bomber-Man-Programming-Test/BomberMan/Content/StarterContent/Materials/M_Brick_Clay_Beveled.uasset"
[2017.08.19-19.19.38:720][  0]LogPackFactory: Copied "../../../Samples/StarterContent/Content/StarterContent/Materials/M_Brick_Clay_New.uasset" to "../../../../../../Users/Thomas/Documents/GitHub/Bomber-Man-Programming-Test/BomberMan/Content/StarterContent/Materials/M_Brick_Clay_New.uasset"
[2017.08.19-19.19.38:725][  0]LogPackFactory: Copied "../../../Samples/StarterContent/Content/StarterContent/Materials/M_Brick_Clay_Old.uasset" to "../../../../../../Users/Thomas/Documents/GitHub/Bomber-Man-Programming-Test/BomberMan/Content/StarterContent/Materials/M_Brick_Clay_Old.uasset"
[2017.08.19-19.19.38:729][  0]LogPackFactory: Copied "../../../Samples/StarterContent/Content/StarterContent/Materials/M_Brick_Cut_Stone.uasset" to "../../../../../../Users/Thomas/Documents/GitHub/Bomber-Man-Programming-Test/BomberMan/Content/StarterContent/Materials/M_Brick_Cut_Stone.uasset"
[2017.08.19-19.19.38:732][  0]LogPackFactory: Copied "../../../Samples/StarterContent/Content/StarterContent/Materials/M_Brick_Hewn_Stone.uasset" to "../../../../../../Users/Thomas/Documents/GitHub/Bomber-Man-Programming-Test/BomberMan/Content/StarterContent/Materials/M_Brick_Hewn_Stone.uasset"
[2017.08.19-19.19.38:736][  0]LogPackFactory: Copied "../../../Samples/StarterContent/Content/StarterContent/Materials/M_Ceramic_Tile_Checker.uasset" to "../../../../../../Users/Thomas/Documents/GitHub/Bomber-Man-Programming-Test/BomberMan/Content/StarterContent/Materials/M_Ceramic_Tile_Checker.uasset"
[2017.08.19-19.19.38:741][  0]LogPackFactory: Copied "../../../Samples/StarterContent/Content/StarterContent/Materials/M_CobbleStone_Pebble.uasset" to "../../../../../../Users/Thomas/Documents/GitHub/Bomber-Man-Programming-Test/BomberMan/Content/StarterContent/Materials/M_CobbleStone_Pebble.uasset"
[2017.08.19-19.19.38:746][  0]LogPackFactory: Copied "../../../Samples/StarterContent/Content/StarterContent/Materials/M_CobbleStone_Rough.uasset" to "../../../../../../Users/Thomas/Documents/GitHub/Bomber-Man-Programming-Test/BomberMan/Content/StarterContent/Materials/M_CobbleStone_Rough.uasset"
[2017.08.19-19.19.38:750][  0]LogPackFactory: Copied "../../../Samples/StarterContent/Content/StarterContent/Materials/M_CobbleStone_Smooth.uasset" to "../../../../../../Users/Thomas/Documents/GitHub/Bomber-Man-Programming-Test/BomberMan/Content/StarterContent/Materials/M_CobbleStone_Smooth.uasset"
[2017.08.19-19.19.38:755][  0]LogPackFactory: Copied "../../../Samples/StarterContent/Content/StarterContent/Materials/M_ColorGrid_LowSpec.uasset" to "../../../../../../Users/Thomas/Documents/GitHub/Bomber-Man-Programming-Test/BomberMan/Content/StarterContent/Materials/M_ColorGrid_LowSpec.uasset"
[2017.08.19-19.19.38:758][  0]LogPackFactory: Copied "../../../Samples/StarterContent/Content/StarterContent/Materials/M_Concrete_Grime.uasset" to "../../../../../../Users/Thomas/Documents/GitHub/Bomber-Man-Programming-Test/BomberMan/Content/StarterContent/Materials/M_Concrete_Grime.uasset"
[2017.08.19-19.19.38:763][  0]LogPackFactory: Copied "../../../Samples/StarterContent/Content/StarterContent/Materials/M_Concrete_Panels.uasset" to "../../../../../../Users/Thomas/Documents/GitHub/Bomber-Man-Programming-Test/BomberMan/Content/StarterContent/Materials/M_Concrete_Panels.uasset"
[2017.08.19-19.19.38:767][  0]LogPackFactory: Copied "../../../Samples/StarterContent/Content/StarterContent/Materials/M_Concrete_Poured.uasset" to "../../../../../../Users/Thomas/Documents/GitHub/Bomber-Man-Programming-Test/BomberMan/Content/StarterContent/Materials/M_Concrete_Poured.uasset"
[2017.08.19-19.19.38:771][  0]LogPackFactory: Copied "../../../Samples/StarterContent/Content/StarterContent/Materials/M_Concrete_Tiles.uasset" to "../../../../../../Users/Thomas/Documents/GitHub/Bomber-Man-Programming-Test/BomberMan/Content/StarterContent/Materials/M_Concrete_Tiles.uasset"
[2017.08.19-19.19.38:775][  0]LogPackFactory: Copied "../../../Samples/StarterContent/Content/StarterContent/Materials/M_Glass.uasset" to "../../../../../../Users/Thomas/Documents/GitHub/Bomber-Man-Programming-Test/BomberMan/Content/StarterContent/Materials/M_Glass.uasset"
[2017.08.19-19.19.38:779][  0]LogPackFactory: Copied "../../../Samples/StarterContent/Content/StarterContent/Materials/M_Ground_Grass.uasset" to "../../../../../../Users/Thomas/Documents/GitHub/Bomber-Man-Programming-Test/BomberMan/Content/StarterContent/Materials/M_Ground_Grass.uasset"
[2017.08.19-19.19.38:782][  0]LogPackFactory: Copied "../../../Samples/StarterContent/Content/StarterContent/Materials/M_Ground_Gravel.uasset" to "../../../../../../Users/Thomas/Documents/GitHub/Bomber-Man-Programming-Test/BomberMan/Content/StarterContent/Materials/M_Ground_Gravel.uasset"
[2017.08.19-19.19.38:786][  0]LogPackFactory: Copied "../../../Samples/StarterContent/Content/StarterContent/Materials/M_Ground_Moss.uasset" to "../../../../../../Users/Thomas/Documents/GitHub/Bomber-Man-Programming-Test/BomberMan/Content/StarterContent/Materials/M_Ground_Moss.uasset"
[2017.08.19-19.19.38:791][  0]LogPackFactory: Copied "../../../Samples/StarterContent/Content/StarterContent/Materials/M_Metal_Brushed_Nickel.uasset" to "../../../../../../Users/Thomas/Documents/GitHub/Bomber-Man-Programming-Test/BomberMan/Content/StarterContent/Materials/M_Metal_Brushed_Nickel.uasset"
[2017.08.19-19.19.38:796][  0]LogPackFactory: Copied "../../../Samples/StarterContent/Content/StarterContent/Materials/M_Metal_Burnished_Steel.uasset" to "../../../../../../Users/Thomas/Documents/GitHub/Bomber-Man-Programming-Test/BomberMan/Content/StarterContent/Materials/M_Metal_Burnished_Steel.uasset"
[2017.08.19-19.19.38:799][  0]LogPackFactory: Copied "../../../Samples/StarterContent/Content/StarterContent/Materials/M_Metal_Chrome.uasset" to "../../../../../../Users/Thomas/Documents/GitHub/Bomber-Man-Programming-Test/BomberMan/Content/StarterContent/Materials/M_Metal_Chrome.uasset"
[2017.08.19-19.19.38:802][  0]LogPackFactory: Copied "../../../Samples/StarterContent/Content/StarterContent/Materials/M_Metal_Copper.uasset" to "../../../../../../Users/Thomas/Documents/GitHub/Bomber-Man-Programming-Test/BomberMan/Content/StarterContent/Materials/M_Metal_Copper.uasset"
[2017.08.19-19.19.38:806][  0]LogPackFactory: Copied "../../../Samples/StarterContent/Content/StarterContent/Materials/M_Metal_Gold.uasset" to "../../../../../../Users/Thomas/Documents/GitHub/Bomber-Man-Programming-Test/BomberMan/Content/StarterContent/Materials/M_Metal_Gold.uasset"
[2017.08.19-19.19.38:811][  0]LogPackFactory: Copied "../../../Samples/StarterContent/Content/StarterContent/Materials/M_Metal_Rust.uasset" to "../../../../../../Users/Thomas/Documents/GitHub/Bomber-Man-Programming-Test/BomberMan/Content/StarterContent/Materials/M_Metal_Rust.uasset"
[2017.08.19-19.19.38:814][  0]LogPackFactory: Copied "../../../Samples/StarterContent/Content/StarterContent/Materials/M_Metal_Steel.uasset" to "../../../../../../Users/Thomas/Documents/GitHub/Bomber-Man-Programming-Test/BomberMan/Content/StarterContent/Materials/M_Metal_Steel.uasset"
[2017.08.19-19.19.38:817][  0]LogPackFactory: Copied "../../../Samples/StarterContent/Content/StarterContent/Materials/M_Rock_Basalt.uasset" to "../../../../../../Users/Thomas/Documents/GitHub/Bomber-Man-Programming-Test/BomberMan/Content/StarterContent/Materials/M_Rock_Basalt.uasset"
[2017.08.19-19.19.38:821][  0]LogPackFactory: Copied "../../../Samples/StarterContent/Content/StarterContent/Materials/M_Rock_Marble_Polished.uasset" to "../../../../../../Users/Thomas/Documents/GitHub/Bomber-Man-Programming-Test/BomberMan/Content/StarterContent/Materials/M_Rock_Marble_Polished.uasset"
[2017.08.19-19.19.38:824][  0]LogPackFactory: Copied "../../../Samples/StarterContent/Content/StarterContent/Materials/M_Rock_Sandstone.uasset" to "../../../../../../Users/Thomas/Documents/GitHub/Bomber-Man-Programming-Test/BomberMan/Content/StarterContent/Materials/M_Rock_Sandstone.uasset"
[2017.08.19-19.19.38:827][  0]LogPackFactory: Copied "../../../Samples/StarterContent/Content/StarterContent/Materials/M_Rock_Slate.uasset" to "../../../../../../Users/Thomas/Documents/GitHub/Bomber-Man-Programming-Test/BomberMan/Content/StarterContent/Materials/M_Rock_Slate.uasset"
[2017.08.19-19.19.38:830][  0]LogPackFactory: Copied "../../../Samples/StarterContent/Content/StarterContent/Materials/M_Tech_Checker_Dot.uasset" to "../../../../../../Users/Thomas/Documents/GitHub/Bomber-Man-Programming-Test/BomberMan/Content/StarterContent/Materials/M_Tech_Checker_Dot.uasset"
[2017.08.19-19.19.38:834][  0]LogPackFactory: Copied "../../../Samples/StarterContent/Content/StarterContent/Materials/M_Tech_Hex_Tile.uasset" to "../../../../../../Users/Thomas/Documents/GitHub/Bomber-Man-Programming-Test/BomberMan/Content/StarterContent/Materials/M_Tech_Hex_Tile.uasset"
[2017.08.19-19.19.38:837][  0]LogPackFactory: Copied "../../../Samples/StarterContent/Content/StarterContent/Materials/M_Tech_Hex_Tile_Pulse.uasset" to "../../../../../../Users/Thomas/Documents/GitHub/Bomber-Man-Programming-Test/BomberMan/Content/StarterContent/Materials/M_Tech_Hex_Tile_Pulse.uasset"
[2017.08.19-19.19.38:841][  0]LogPackFactory: Copied "../../../Samples/StarterContent/Content/StarterContent/Materials/M_Tech_Panel.uasset" to "../../../../../../Users/Thomas/Documents/GitHub/Bomber-Man-Programming-Test/BomberMan/Content/StarterContent/Materials/M_Tech_Panel.uasset"
[2017.08.19-19.19.38:845][  0]LogPackFactory: Copied "../../../Samples/StarterContent/Content/StarterContent/Materials/M_Water_Lake.uasset" to "../../../../../../Users/Thomas/Documents/GitHub/Bomber-Man-Programming-Test/BomberMan/Content/StarterContent/Materials/M_Water_Lake.uasset"
[2017.08.19-19.19.38:849][  0]LogPackFactory: Copied "../../../Samples/StarterContent/Content/StarterContent/Materials/M_Water_Ocean.uasset" to "../../../../../../Users/Thomas/Documents/GitHub/Bomber-Man-Programming-Test/BomberMan/Content/StarterContent/Materials/M_Water_Ocean.uasset"
[2017.08.19-19.19.38:853][  0]LogPackFactory: Copied "../../../Samples/StarterContent/Content/StarterContent/Materials/M_Wood_Floor_Walnut_Polished.uasset" to "../../../../../../Users/Thomas/Documents/GitHub/Bomber-Man-Programming-Test/BomberMan/Content/StarterContent/Materials/M_Wood_Floor_Walnut_Polished.uasset"
[2017.08.19-19.19.38:858][  0]LogPackFactory: Copied "../../../Samples/StarterContent/Content/StarterContent/Materials/M_Wood_Floor_Walnut_Worn.uasset" to "../../../../../../Users/Thomas/Documents/GitHub/Bomber-Man-Programming-Test/BomberMan/Content/StarterContent/Materials/M_Wood_Floor_Walnut_Worn.uasset"
[2017.08.19-19.19.38:863][  0]LogPackFactory: Copied "../../../Samples/StarterContent/Content/StarterContent/Materials/M_Wood_Oak.uasset" to "../../../../../../Users/Thomas/Documents/GitHub/Bomber-Man-Programming-Test/BomberMan/Content/StarterContent/Materials/M_Wood_Oak.uasset"
[2017.08.19-19.19.38:866][  0]LogPackFactory: Copied "../../../Samples/StarterContent/Content/StarterContent/Materials/M_Wood_Pine.uasset" to "../../../../../../Users/Thomas/Documents/GitHub/Bomber-Man-Programming-Test/BomberMan/Content/StarterContent/Materials/M_Wood_Pine.uasset"
[2017.08.19-19.19.38:870][  0]LogPackFactory: Copied "../../../Samples/StarterContent/Content/StarterContent/Materials/M_Wood_Walnut.uasset" to "../../../../../../Users/Thomas/Documents/GitHub/Bomber-Man-Programming-Test/BomberMan/Content/StarterContent/Materials/M_Wood_Walnut.uasset"
[2017.08.19-19.19.38:876][  0]LogPackFactory: Copied "../../../Samples/StarterContent/Content/StarterContent/Particles/P_Ambient_Dust.uasset" to "../../../../../../Users/Thomas/Documents/GitHub/Bomber-Man-Programming-Test/BomberMan/Content/StarterContent/Particles/P_Ambient_Dust.uasset"
[2017.08.19-19.19.38:879][  0]LogPackFactory: Copied "../../../Samples/StarterContent/Content/StarterContent/Particles/P_Explosion.uasset" to "../../../../../../Users/Thomas/Documents/GitHub/Bomber-Man-Programming-Test/BomberMan/Content/StarterContent/Particles/P_Explosion.uasset"
[2017.08.19-19.19.38:884][  0]LogPackFactory: Copied "../../../Samples/StarterContent/Content/StarterContent/Particles/P_Fire.uasset" to "../../../../../../Users/Thomas/Documents/GitHub/Bomber-Man-Programming-Test/BomberMan/Content/StarterContent/Particles/P_Fire.uasset"
[2017.08.19-19.19.38:890][  0]LogPackFactory: Copied "../../../Samples/StarterContent/Content/StarterContent/Particles/P_Smoke.uasset" to "../../../../../../Users/Thomas/Documents/GitHub/Bomber-Man-Programming-Test/BomberMan/Content/StarterContent/Particles/P_Smoke.uasset"
[2017.08.19-19.19.38:895][  0]LogPackFactory: Copied "../../../Samples/StarterContent/Content/StarterContent/Particles/P_Sparks.uasset" to "../../../../../../Users/Thomas/Documents/GitHub/Bomber-Man-Programming-Test/BomberMan/Content/StarterContent/Particles/P_Sparks.uasset"
[2017.08.19-19.19.38:900][  0]LogPackFactory: Copied "../../../Samples/StarterContent/Content/StarterContent/Particles/P_Steam_Lit.uasset" to "../../../../../../Users/Thomas/Documents/GitHub/Bomber-Man-Programming-Test/BomberMan/Content/StarterContent/Particles/P_Steam_Lit.uasset"
[2017.08.19-19.19.38:907][  0]LogPackFactory: Copied "../../../Samples/StarterContent/Content/StarterContent/Particles/Materials/M_Burst.uasset" to "../../../../../../Users/Thomas/Documents/GitHub/Bomber-Man-Programming-Test/BomberMan/Content/StarterContent/Particles/Materials/M_Burst.uasset"
[2017.08.19-19.19.38:911][  0]LogPackFactory: Copied "../../../Samples/StarterContent/Content/StarterContent/Particles/Materials/M_Dust_Particle.uasset" to "../../../../../../Users/Thomas/Documents/GitHub/Bomber-Man-Programming-Test/BomberMan/Content/StarterContent/Particles/Materials/M_Dust_Particle.uasset"
[2017.08.19-19.19.38:917][  0]LogPackFactory: Copied "../../../Samples/StarterContent/Content/StarterContent/Particles/Materials/M_explosion_subUV.uasset" to "../../../../../../Users/Thomas/Documents/GitHub/Bomber-Man-Programming-Test/BomberMan/Content/StarterContent/Particles/Materials/M_explosion_subUV.uasset"
[2017.08.19-19.19.38:921][  0]LogPackFactory: Copied "../../../Samples/StarterContent/Content/StarterContent/Particles/Materials/M_Fire_SubUV.uasset" to "../../../../../../Users/Thomas/Documents/GitHub/Bomber-Man-Programming-Test/BomberMan/Content/StarterContent/Particles/Materials/M_Fire_SubUV.uasset"
[2017.08.19-19.19.38:925][  0]LogPackFactory: Copied "../../../Samples/StarterContent/Content/StarterContent/Particles/Materials/m_flare_01.uasset" to "../../../../../../Users/Thomas/Documents/GitHub/Bomber-Man-Programming-Test/BomberMan/Content/StarterContent/Particles/Materials/m_flare_01.uasset"
[2017.08.19-19.19.38:928][  0]LogPackFactory: Copied "../../../Samples/StarterContent/Content/StarterContent/Particles/Materials/M_Heat_Distortion.uasset" to "../../../../../../Users/Thomas/Documents/GitHub/Bomber-Man-Programming-Test/BomberMan/Content/StarterContent/Particles/Materials/M_Heat_Distortion.uasset"
[2017.08.19-19.19.38:931][  0]LogPackFactory: Copied "../../../Samples/StarterContent/Content/StarterContent/Particles/Materials/M_Radial_Gradient.uasset" to "../../../../../../Users/Thomas/Documents/GitHub/Bomber-Man-Programming-Test/BomberMan/Content/StarterContent/Particles/Materials/M_Radial_Gradient.uasset"
[2017.08.19-19.19.38:935][  0]LogPackFactory: Copied "../../../Samples/StarterContent/Content/StarterContent/Particles/Materials/M_radial_ramp.uasset" to "../../../../../../Users/Thomas/Documents/GitHub/Bomber-Man-Programming-Test/BomberMan/Content/StarterContent/Particles/Materials/M_radial_ramp.uasset"
[2017.08.19-19.19.38:939][  0]LogPackFactory: Copied "../../../Samples/StarterContent/Content/StarterContent/Particles/Materials/M_smoke_subUV.uasset" to "../../../../../../Users/Thomas/Documents/GitHub/Bomber-Man-Programming-Test/BomberMan/Content/StarterContent/Particles/Materials/M_smoke_subUV.uasset"
[2017.08.19-19.19.38:942][  0]LogPackFactory: Copied "../../../Samples/StarterContent/Content/StarterContent/Particles/Materials/M_Spark.uasset" to "../../../../../../Users/Thomas/Documents/GitHub/Bomber-Man-Programming-Test/BomberMan/Content/StarterContent/Particles/Materials/M_Spark.uasset"
[2017.08.19-19.19.38:946][  0]LogPackFactory: Copied "../../../Samples/StarterContent/Content/StarterContent/Props/MaterialSphere.uasset" to "../../../../../../Users/Thomas/Documents/GitHub/Bomber-Man-Programming-Test/BomberMan/Content/StarterContent/Props/MaterialSphere.uasset"
[2017.08.19-19.19.38:950][  0]LogPackFactory: Copied "../../../Samples/StarterContent/Content/StarterContent/Props/SM_Bush.uasset" to "../../../../../../Users/Thomas/Documents/GitHub/Bomber-Man-Programming-Test/BomberMan/Content/StarterContent/Props/SM_Bush.uasset"
[2017.08.19-19.19.38:955][  0]LogPackFactory: Copied "../../../Samples/StarterContent/Content/StarterContent/Props/SM_Chair.uasset" to "../../../../../../Users/Thomas/Documents/GitHub/Bomber-Man-Programming-Test/BomberMan/Content/StarterContent/Props/SM_Chair.uasset"
[2017.08.19-19.19.38:958][  0]LogPackFactory: Copied "../../../Samples/StarterContent/Content/StarterContent/Props/SM_CornerFrame.uasset" to "../../../../../../Users/Thomas/Documents/GitHub/Bomber-Man-Programming-Test/BomberMan/Content/StarterContent/Props/SM_CornerFrame.uasset"
[2017.08.19-19.19.38:963][  0]LogPackFactory: Copied "../../../Samples/StarterContent/Content/StarterContent/Props/SM_Couch.uasset" to "../../../../../../Users/Thomas/Documents/GitHub/Bomber-Man-Programming-Test/BomberMan/Content/StarterContent/Props/SM_Couch.uasset"
[2017.08.19-19.19.38:966][  0]LogPackFactory: Copied "../../../Samples/StarterContent/Content/StarterContent/Props/SM_Door.uasset" to "../../../../../../Users/Thomas/Documents/GitHub/Bomber-Man-Programming-Test/BomberMan/Content/StarterContent/Props/SM_Door.uasset"
[2017.08.19-19.19.38:971][  0]LogPackFactory: Copied "../../../Samples/StarterContent/Content/StarterContent/Props/SM_DoorFrame.uasset" to "../../../../../../Users/Thomas/Documents/GitHub/Bomber-Man-Programming-Test/BomberMan/Content/StarterContent/Props/SM_DoorFrame.uasset"
[2017.08.19-19.19.38:976][  0]LogPackFactory: Copied "../../../Samples/StarterContent/Content/StarterContent/Props/SM_GlassWindow.uasset" to "../../../../../../Users/Thomas/Documents/GitHub/Bomber-Man-Programming-Test/BomberMan/Content/StarterContent/Props/SM_GlassWindow.uasset"
[2017.08.19-19.19.38:981][  0]LogPackFactory: Copied "../../../Samples/StarterContent/Content/StarterContent/Props/SM_Lamp_Ceiling.uasset" to "../../../../../../Users/Thomas/Documents/GitHub/Bomber-Man-Programming-Test/BomberMan/Content/StarterContent/Props/SM_Lamp_Ceiling.uasset"
[2017.08.19-19.19.38:984][  0]LogPackFactory: Copied "../../../Samples/StarterContent/Content/StarterContent/Props/SM_Lamp_Wall.uasset" to "../../../../../../Users/Thomas/Documents/GitHub/Bomber-Man-Programming-Test/BomberMan/Content/StarterContent/Props/SM_Lamp_Wall.uasset"
[2017.08.19-19.19.38:990][  0]LogPackFactory: Copied "../../../Samples/StarterContent/Content/StarterContent/Props/SM_MatPreviewMesh_02.uasset" to "../../../../../../Users/Thomas/Documents/GitHub/Bomber-Man-Programming-Test/BomberMan/Content/StarterContent/Props/SM_MatPreviewMesh_02.uasset"
[2017.08.19-19.19.38:995][  0]LogPackFactory: Copied "../../../Samples/StarterContent/Content/StarterContent/Props/SM_PillarFrame.uasset" to "../../../../../../Users/Thomas/Documents/GitHub/Bomber-Man-Programming-Test/BomberMan/Content/StarterContent/Props/SM_PillarFrame.uasset"
[2017.08.19-19.19.38:999][  0]LogPackFactory: Copied "../../../Samples/StarterContent/Content/StarterContent/Props/SM_PillarFrame300.uasset" to "../../../../../../Users/Thomas/Documents/GitHub/Bomber-Man-Programming-Test/BomberMan/Content/StarterContent/Props/SM_PillarFrame300.uasset"
[2017.08.19-19.19.39:002][  0]LogPackFactory: Copied "../../../Samples/StarterContent/Content/StarterContent/Props/SM_Rock.uasset" to "../../../../../../Users/Thomas/Documents/GitHub/Bomber-Man-Programming-Test/BomberMan/Content/StarterContent/Props/SM_Rock.uasset"
[2017.08.19-19.19.39:007][  0]LogPackFactory: Copied "../../../Samples/StarterContent/Content/StarterContent/Props/SM_Shelf.uasset" to "../../../../../../Users/Thomas/Documents/GitHub/Bomber-Man-Programming-Test/BomberMan/Content/StarterContent/Props/SM_Shelf.uasset"
[2017.08.19-19.19.39:010][  0]LogPackFactory: Copied "../../../Samples/StarterContent/Content/StarterContent/Props/SM_Stairs.uasset" to "../../../../../../Users/Thomas/Documents/GitHub/Bomber-Man-Programming-Test/BomberMan/Content/StarterContent/Props/SM_Stairs.uasset"
[2017.08.19-19.19.39:014][  0]LogPackFactory: Copied "../../../Samples/StarterContent/Content/StarterContent/Props/SM_Statue.uasset" to "../../../../../../Users/Thomas/Documents/GitHub/Bomber-Man-Programming-Test/BomberMan/Content/StarterContent/Props/SM_Statue.uasset"
[2017.08.19-19.19.39:018][  0]LogPackFactory: Copied "../../../Samples/StarterContent/Content/StarterContent/Props/SM_TableRound.uasset" to "../../../../../../Users/Thomas/Documents/GitHub/Bomber-Man-Programming-Test/BomberMan/Content/StarterContent/Props/SM_TableRound.uasset"
[2017.08.19-19.19.39:023][  0]LogPackFactory: Copied "../../../Samples/StarterContent/Content/StarterContent/Props/SM_WindowFrame.uasset" to "../../../../../../Users/Thomas/Documents/GitHub/Bomber-Man-Programming-Test/BomberMan/Content/StarterContent/Props/SM_WindowFrame.uasset"
[2017.08.19-19.19.39:028][  0]LogPackFactory: Copied "../../../Samples/StarterContent/Content/StarterContent/Props/Materials/M_Bush.uasset" to "../../../../../../Users/Thomas/Documents/GitHub/Bomber-Man-Programming-Test/BomberMan/Content/StarterContent/Props/Materials/M_Bush.uasset"
[2017.08.19-19.19.39:031][  0]LogPackFactory: Copied "../../../Samples/StarterContent/Content/StarterContent/Props/Materials/M_Chair.uasset" to "../../../../../../Users/Thomas/Documents/GitHub/Bomber-Man-Programming-Test/BomberMan/Content/StarterContent/Props/Materials/M_Chair.uasset"
[2017.08.19-19.19.39:035][  0]LogPackFactory: Copied "../../../Samples/StarterContent/Content/StarterContent/Props/Materials/M_Door.uasset" to "../../../../../../Users/Thomas/Documents/GitHub/Bomber-Man-Programming-Test/BomberMan/Content/StarterContent/Props/Materials/M_Door.uasset"
[2017.08.19-19.19.39:040][  0]LogPackFactory: Copied "../../../Samples/StarterContent/Content/StarterContent/Props/Materials/M_Frame.uasset" to "../../../../../../Users/Thomas/Documents/GitHub/Bomber-Man-Programming-Test/BomberMan/Content/StarterContent/Props/Materials/M_Frame.uasset"
[2017.08.19-19.19.39:043][  0]LogPackFactory: Copied "../../../Samples/StarterContent/Content/StarterContent/Props/Materials/M_Lamp.uasset" to "../../../../../../Users/Thomas/Documents/GitHub/Bomber-Man-Programming-Test/BomberMan/Content/StarterContent/Props/Materials/M_Lamp.uasset"
[2017.08.19-19.19.39:047][  0]LogPackFactory: Copied "../../../Samples/StarterContent/Content/StarterContent/Props/Materials/M_MaterialSphere.uasset" to "../../../../../../Users/Thomas/Documents/GitHub/Bomber-Man-Programming-Test/BomberMan/Content/StarterContent/Props/Materials/M_MaterialSphere.uasset"
[2017.08.19-19.19.39:051][  0]LogPackFactory: Copied "../../../Samples/StarterContent/Content/StarterContent/Props/Materials/M_MaterialSphere_Plain.uasset" to "../../../../../../Users/Thomas/Documents/GitHub/Bomber-Man-Programming-Test/BomberMan/Content/StarterContent/Props/Materials/M_MaterialSphere_Plain.uasset"
[2017.08.19-19.19.39:055][  0]LogPackFactory: Copied "../../../Samples/StarterContent/Content/StarterContent/Props/Materials/M_Rock.uasset" to "../../../../../../Users/Thomas/Documents/GitHub/Bomber-Man-Programming-Test/BomberMan/Content/StarterContent/Props/Materials/M_Rock.uasset"
[2017.08.19-19.19.39:059][  0]LogPackFactory: Copied "../../../Samples/StarterContent/Content/StarterContent/Props/Materials/M_Shelf.uasset" to "../../../../../../Users/Thomas/Documents/GitHub/Bomber-Man-Programming-Test/BomberMan/Content/StarterContent/Props/Materials/M_Shelf.uasset"
[2017.08.19-19.19.39:063][  0]LogPackFactory: Copied "../../../Samples/StarterContent/Content/StarterContent/Props/Materials/M_Statue.uasset" to "../../../../../../Users/Thomas/Documents/GitHub/Bomber-Man-Programming-Test/BomberMan/Content/StarterContent/Props/Materials/M_Statue.uasset"
[2017.08.19-19.19.39:067][  0]LogPackFactory: Copied "../../../Samples/StarterContent/Content/StarterContent/Props/Materials/M_StatueGlass.uasset" to "../../../../../../Users/Thomas/Documents/GitHub/Bomber-Man-Programming-Test/BomberMan/Content/StarterContent/Props/Materials/M_StatueGlass.uasset"
[2017.08.19-19.19.39:072][  0]LogPackFactory: Copied "../../../Samples/StarterContent/Content/StarterContent/Props/Materials/M_TableRound.uasset" to "../../../../../../Users/Thomas/Documents/GitHub/Bomber-Man-Programming-Test/BomberMan/Content/StarterContent/Props/Materials/M_TableRound.uasset"
[2017.08.19-19.19.39:076][  0]LogPackFactory: Copied "../../../Samples/StarterContent/Content/StarterContent/Shapes/Shape_Cone.uasset" to "../../../../../../Users/Thomas/Documents/GitHub/Bomber-Man-Programming-Test/BomberMan/Content/StarterContent/Shapes/Shape_Cone.uasset"
[2017.08.19-19.19.39:079][  0]LogPackFactory: Copied "../../../Samples/StarterContent/Content/StarterContent/Shapes/Shape_Cube.uasset" to "../../../../../../Users/Thomas/Documents/GitHub/Bomber-Man-Programming-Test/BomberMan/Content/StarterContent/Shapes/Shape_Cube.uasset"
[2017.08.19-19.19.39:083][  0]LogPackFactory: Copied "../../../Samples/StarterContent/Content/StarterContent/Shapes/Shape_Cylinder.uasset" to "../../../../../../Users/Thomas/Documents/GitHub/Bomber-Man-Programming-Test/BomberMan/Content/StarterContent/Shapes/Shape_Cylinder.uasset"
[2017.08.19-19.19.39:086][  0]LogPackFactory: Copied "../../../Samples/StarterContent/Content/StarterContent/Shapes/Shape_NarrowCapsule.uasset" to "../../../../../../Users/Thomas/Documents/GitHub/Bomber-Man-Programming-Test/BomberMan/Content/StarterContent/Shapes/Shape_NarrowCapsule.uasset"
[2017.08.19-19.19.39:090][  0]LogPackFactory: Copied "../../../Samples/StarterContent/Content/StarterContent/Shapes/Shape_Pipe.uasset" to "../../../../../../Users/Thomas/Documents/GitHub/Bomber-Man-Programming-Test/BomberMan/Content/StarterContent/Shapes/Shape_Pipe.uasset"
[2017.08.19-19.19.39:093][  0]LogPackFactory: Copied "../../../Samples/StarterContent/Content/StarterContent/Shapes/Shape_Pipe_180.uasset" to "../../../../../../Users/Thomas/Documents/GitHub/Bomber-Man-Programming-Test/BomberMan/Content/StarterContent/Shapes/Shape_Pipe_180.uasset"
[2017.08.19-19.19.39:096][  0]LogPackFactory: Copied "../../../Samples/StarterContent/Content/StarterContent/Shapes/Shape_Pipe_90.uasset" to "../../../../../../Users/Thomas/Documents/GitHub/Bomber-Man-Programming-Test/BomberMan/Content/StarterContent/Shapes/Shape_Pipe_90.uasset"
[2017.08.19-19.19.39:100][  0]LogPackFactory: Copied "../../../Samples/StarterContent/Content/StarterContent/Shapes/Shape_Plane.uasset" to "../../../../../../Users/Thomas/Documents/GitHub/Bomber-Man-Programming-Test/BomberMan/Content/StarterContent/Shapes/Shape_Plane.uasset"
[2017.08.19-19.19.39:103][  0]LogPackFactory: Copied "../../../Samples/StarterContent/Content/StarterContent/Shapes/Shape_QuadPyramid.uasset" to "../../../../../../Users/Thomas/Documents/GitHub/Bomber-Man-Programming-Test/BomberMan/Content/StarterContent/Shapes/Shape_QuadPyramid.uasset"
[2017.08.19-19.19.39:107][  0]LogPackFactory: Copied "../../../Samples/StarterContent/Content/StarterContent/Shapes/Shape_Sphere.uasset" to "../../../../../../Users/Thomas/Documents/GitHub/Bomber-Man-Programming-Test/BomberMan/Content/StarterContent/Shapes/Shape_Sphere.uasset"
[2017.08.19-19.19.39:111][  0]LogPackFactory: Copied "../../../Samples/StarterContent/Content/StarterContent/Shapes/Shape_Torus.uasset" to "../../../../../../Users/Thomas/Documents/GitHub/Bomber-Man-Programming-Test/BomberMan/Content/StarterContent/Shapes/Shape_Torus.uasset"
[2017.08.19-19.19.39:114][  0]LogPackFactory: Copied "../../../Samples/StarterContent/Content/StarterContent/Shapes/Shape_Trim.uasset" to "../../../../../../Users/Thomas/Documents/GitHub/Bomber-Man-Programming-Test/BomberMan/Content/StarterContent/Shapes/Shape_Trim.uasset"
[2017.08.19-19.19.39:118][  0]LogPackFactory: Copied "../../../Samples/StarterContent/Content/StarterContent/Shapes/Shape_Trim_90_In.uasset" to "../../../../../../Users/Thomas/Documents/GitHub/Bomber-Man-Programming-Test/BomberMan/Content/StarterContent/Shapes/Shape_Trim_90_In.uasset"
[2017.08.19-19.19.39:121][  0]LogPackFactory: Copied "../../../Samples/StarterContent/Content/StarterContent/Shapes/Shape_Trim_90_Out.uasset" to "../../../../../../Users/Thomas/Documents/GitHub/Bomber-Man-Programming-Test/BomberMan/Content/StarterContent/Shapes/Shape_Trim_90_Out.uasset"
[2017.08.19-19.19.39:125][  0]LogPackFactory: Copied "../../../Samples/StarterContent/Content/StarterContent/Shapes/Shape_TriPyramid.uasset" to "../../../../../../Users/Thomas/Documents/GitHub/Bomber-Man-Programming-Test/BomberMan/Content/StarterContent/Shapes/Shape_TriPyramid.uasset"
[2017.08.19-19.19.39:128][  0]LogPackFactory: Copied "../../../Samples/StarterContent/Content/StarterContent/Shapes/Shape_Tube.uasset" to "../../../../../../Users/Thomas/Documents/GitHub/Bomber-Man-Programming-Test/BomberMan/Content/StarterContent/Shapes/Shape_Tube.uasset"
[2017.08.19-19.19.39:132][  0]LogPackFactory: Copied "../../../Samples/StarterContent/Content/StarterContent/Shapes/Shape_Wedge_A.uasset" to "../../../../../../Users/Thomas/Documents/GitHub/Bomber-Man-Programming-Test/BomberMan/Content/StarterContent/Shapes/Shape_Wedge_A.uasset"
[2017.08.19-19.19.39:136][  0]LogPackFactory: Copied "../../../Samples/StarterContent/Content/StarterContent/Shapes/Shape_Wedge_B.uasset" to "../../../../../../Users/Thomas/Documents/GitHub/Bomber-Man-Programming-Test/BomberMan/Content/StarterContent/Shapes/Shape_Wedge_B.uasset"
[2017.08.19-19.19.39:140][  0]LogPackFactory: Copied "../../../Samples/StarterContent/Content/StarterContent/Shapes/Shape_WideCapsule.uasset" to "../../../../../../Users/Thomas/Documents/GitHub/Bomber-Man-Programming-Test/BomberMan/Content/StarterContent/Shapes/Shape_WideCapsule.uasset"
[2017.08.19-19.19.39:149][  0]LogPackFactory: Copied "../../../Samples/StarterContent/Content/StarterContent/Textures/T_Brick_Clay_Beveled_D.uasset" to "../../../../../../Users/Thomas/Documents/GitHub/Bomber-Man-Programming-Test/BomberMan/Content/StarterContent/Textures/T_Brick_Clay_Beveled_D.uasset"
[2017.08.19-19.19.39:157][  0]LogPackFactory: Copied "../../../Samples/StarterContent/Content/StarterContent/Textures/T_Brick_Clay_Beveled_M.uasset" to "../../../../../../Users/Thomas/Documents/GitHub/Bomber-Man-Programming-Test/BomberMan/Content/StarterContent/Textures/T_Brick_Clay_Beveled_M.uasset"
[2017.08.19-19.19.39:164][  0]LogPackFactory: Copied "../../../Samples/StarterContent/Content/StarterContent/Textures/T_Brick_Clay_Beveled_N.uasset" to "../../../../../../Users/Thomas/Documents/GitHub/Bomber-Man-Programming-Test/BomberMan/Content/StarterContent/Textures/T_Brick_Clay_Beveled_N.uasset"
[2017.08.19-19.19.39:170][  0]LogPackFactory: Copied "../../../Samples/StarterContent/Content/StarterContent/Textures/T_Brick_Clay_New_D.uasset" to "../../../../../../Users/Thomas/Documents/GitHub/Bomber-Man-Programming-Test/BomberMan/Content/StarterContent/Textures/T_Brick_Clay_New_D.uasset"
[2017.08.19-19.19.39:178][  0]LogPackFactory: Copied "../../../Samples/StarterContent/Content/StarterContent/Textures/T_Brick_Clay_New_M.uasset" to "../../../../../../Users/Thomas/Documents/GitHub/Bomber-Man-Programming-Test/BomberMan/Content/StarterContent/Textures/T_Brick_Clay_New_M.uasset"
[2017.08.19-19.19.39:185][  0]LogPackFactory: Copied "../../../Samples/StarterContent/Content/StarterContent/Textures/T_Brick_Clay_New_N.uasset" to "../../../../../../Users/Thomas/Documents/GitHub/Bomber-Man-Programming-Test/BomberMan/Content/StarterContent/Textures/T_Brick_Clay_New_N.uasset"
[2017.08.19-19.19.39:195][  0]LogPackFactory: Copied "../../../Samples/StarterContent/Content/StarterContent/Textures/T_Brick_Clay_Old_D.uasset" to "../../../../../../Users/Thomas/Documents/GitHub/Bomber-Man-Programming-Test/BomberMan/Content/StarterContent/Textures/T_Brick_Clay_Old_D.uasset"
[2017.08.19-19.19.39:202][  0]LogPackFactory: Copied "../../../Samples/StarterContent/Content/StarterContent/Textures/T_Brick_Clay_Old_N.uasset" to "../../../../../../Users/Thomas/Documents/GitHub/Bomber-Man-Programming-Test/BomberMan/Content/StarterContent/Textures/T_Brick_Clay_Old_N.uasset"
[2017.08.19-19.19.39:212][  0]LogPackFactory: Copied "../../../Samples/StarterContent/Content/StarterContent/Textures/T_Brick_Cut_Stone_D.uasset" to "../../../../../../Users/Thomas/Documents/GitHub/Bomber-Man-Programming-Test/BomberMan/Content/StarterContent/Textures/T_Brick_Cut_Stone_D.uasset"
[2017.08.19-19.19.39:219][  0]LogPackFactory: Copied "../../../Samples/StarterContent/Content/StarterContent/Textures/T_Brick_Cut_Stone_N.uasset" to "../../../../../../Users/Thomas/Documents/GitHub/Bomber-Man-Programming-Test/BomberMan/Content/StarterContent/Textures/T_Brick_Cut_Stone_N.uasset"
[2017.08.19-19.19.39:228][  0]LogPackFactory: Copied "../../../Samples/StarterContent/Content/StarterContent/Textures/T_Brick_Hewn_Stone_D.uasset" to "../../../../../../Users/Thomas/Documents/GitHub/Bomber-Man-Programming-Test/BomberMan/Content/StarterContent/Textures/T_Brick_Hewn_Stone_D.uasset"
[2017.08.19-19.19.39:235][  0]LogPackFactory: Copied "../../../Samples/StarterContent/Content/StarterContent/Textures/T_Brick_Hewn_Stone_M.uasset" to "../../../../../../Users/Thomas/Documents/GitHub/Bomber-Man-Programming-Test/BomberMan/Content/StarterContent/Textures/T_Brick_Hewn_Stone_M.uasset"
[2017.08.19-19.19.39:243][  0]LogPackFactory: Copied "../../../Samples/StarterContent/Content/StarterContent/Textures/T_Brick_Hewn_Stone_N.uasset" to "../../../../../../Users/Thomas/Documents/GitHub/Bomber-Man-Programming-Test/BomberMan/Content/StarterContent/Textures/T_Brick_Hewn_Stone_N.uasset"
[2017.08.19-19.19.39:247][  0]LogPackFactory: Copied "../../../Samples/StarterContent/Content/StarterContent/Textures/T_Burst_M.uasset" to "../../../../../../Users/Thomas/Documents/GitHub/Bomber-Man-Programming-Test/BomberMan/Content/StarterContent/Textures/T_Burst_M.uasset"
[2017.08.19-19.19.39:251][  0]LogPackFactory: Copied "../../../Samples/StarterContent/Content/StarterContent/Textures/T_Bush_D.uasset" to "../../../../../../Users/Thomas/Documents/GitHub/Bomber-Man-Programming-Test/BomberMan/Content/StarterContent/Textures/T_Bush_D.uasset"
[2017.08.19-19.19.39:256][  0]LogPackFactory: Copied "../../../Samples/StarterContent/Content/StarterContent/Textures/T_Bush_N.uasset" to "../../../../../../Users/Thomas/Documents/GitHub/Bomber-Man-Programming-Test/BomberMan/Content/StarterContent/Textures/T_Bush_N.uasset"
[2017.08.19-19.19.39:261][  0]LogPackFactory: Copied "../../../Samples/StarterContent/Content/StarterContent/Textures/T_Ceramic_Tile_M.uasset" to "../../../../../../Users/Thomas/Documents/GitHub/Bomber-Man-Programming-Test/BomberMan/Content/StarterContent/Textures/T_Ceramic_Tile_M.uasset"
[2017.08.19-19.19.39:265][  0]LogPackFactory: Copied "../../../Samples/StarterContent/Content/StarterContent/Textures/T_Ceramic_Tile_N.uasset" to "../../../../../../Users/Thomas/Documents/GitHub/Bomber-Man-Programming-Test/BomberMan/Content/StarterContent/Textures/T_Ceramic_Tile_N.uasset"
[2017.08.19-19.19.39:270][  0]LogPackFactory: Copied "../../../Samples/StarterContent/Content/StarterContent/Textures/T_Chair_M.uasset" to "../../../../../../Users/Thomas/Documents/GitHub/Bomber-Man-Programming-Test/BomberMan/Content/StarterContent/Textures/T_Chair_M.uasset"
[2017.08.19-19.19.39:276][  0]LogPackFactory: Copied "../../../Samples/StarterContent/Content/StarterContent/Textures/T_Chair_N.uasset" to "../../../../../../Users/Thomas/Documents/GitHub/Bomber-Man-Programming-Test/BomberMan/Content/StarterContent/Textures/T_Chair_N.uasset"
[2017.08.19-19.19.39:280][  0]LogPackFactory: Copied "../../../Samples/StarterContent/Content/StarterContent/Textures/T_Checker_Noise_M.uasset" to "../../../../../../Users/Thomas/Documents/GitHub/Bomber-Man-Programming-Test/BomberMan/Content/StarterContent/Textures/T_Checker_Noise_M.uasset"
[2017.08.19-19.19.39:293][  0]LogPackFactory: Copied "../../../Samples/StarterContent/Content/StarterContent/Textures/T_CobbleStone_Pebble_D.uasset" to "../../../../../../Users/Thomas/Documents/GitHub/Bomber-Man-Programming-Test/BomberMan/Content/StarterContent/Textures/T_CobbleStone_Pebble_D.uasset"
[2017.08.19-19.19.39:299][  0]LogPackFactory: Copied "../../../Samples/StarterContent/Content/StarterContent/Textures/T_CobbleStone_Pebble_M.uasset" to "../../../../../../Users/Thomas/Documents/GitHub/Bomber-Man-Programming-Test/BomberMan/Content/StarterContent/Textures/T_CobbleStone_Pebble_M.uasset"
[2017.08.19-19.19.39:311][  0]LogPackFactory: Copied "../../../Samples/StarterContent/Content/StarterContent/Textures/T_CobbleStone_Pebble_N.uasset" to "../../../../../../Users/Thomas/Documents/GitHub/Bomber-Man-Programming-Test/BomberMan/Content/StarterContent/Textures/T_CobbleStone_Pebble_N.uasset"
[2017.08.19-19.19.39:318][  0]LogPackFactory: Copied "../../../Samples/StarterContent/Content/StarterContent/Textures/T_CobbleStone_Rough_D.uasset" to "../../../../../../Users/Thomas/Documents/GitHub/Bomber-Man-Programming-Test/BomberMan/Content/StarterContent/Textures/T_CobbleStone_Rough_D.uasset"
[2017.08.19-19.19.39:324][  0]LogPackFactory: Copied "../../../Samples/StarterContent/Content/StarterContent/Textures/T_CobbleStone_Rough_N.uasset" to "../../../../../../Users/Thomas/Documents/GitHub/Bomber-Man-Programming-Test/BomberMan/Content/StarterContent/Textures/T_CobbleStone_Rough_N.uasset"
[2017.08.19-19.19.39:331][  0]LogPackFactory: Copied "../../../Samples/StarterContent/Content/StarterContent/Textures/T_CobbleStone_Smooth_D.uasset" to "../../../../../../Users/Thomas/Documents/GitHub/Bomber-Man-Programming-Test/BomberMan/Content/StarterContent/Textures/T_CobbleStone_Smooth_D.uasset"
[2017.08.19-19.19.39:339][  0]LogPackFactory: Copied "../../../Samples/StarterContent/Content/StarterContent/Textures/T_CobbleStone_Smooth_M.uasset" to "../../../../../../Users/Thomas/Documents/GitHub/Bomber-Man-Programming-Test/BomberMan/Content/StarterContent/Textures/T_CobbleStone_Smooth_M.uasset"
[2017.08.19-19.19.39:347][  0]LogPackFactory: Copied "../../../Samples/StarterContent/Content/StarterContent/Textures/T_CobbleStone_Smooth_N.uasset" to "../../../../../../Users/Thomas/Documents/GitHub/Bomber-Man-Programming-Test/BomberMan/Content/StarterContent/Textures/T_CobbleStone_Smooth_N.uasset"
[2017.08.19-19.19.39:356][  0]LogPackFactory: Copied "../../../Samples/StarterContent/Content/StarterContent/Textures/T_Concrete_Grime_D.uasset" to "../../../../../../Users/Thomas/Documents/GitHub/Bomber-Man-Programming-Test/BomberMan/Content/StarterContent/Textures/T_Concrete_Grime_D.uasset"
[2017.08.19-19.19.39:365][  0]LogPackFactory: Copied "../../../Samples/StarterContent/Content/StarterContent/Textures/T_Concrete_Panels_D.uasset" to "../../../../../../Users/Thomas/Documents/GitHub/Bomber-Man-Programming-Test/BomberMan/Content/StarterContent/Textures/T_Concrete_Panels_D.uasset"
[2017.08.19-19.19.39:373][  0]LogPackFactory: Copied "../../../Samples/StarterContent/Content/StarterContent/Textures/T_Concrete_Panels_N.uasset" to "../../../../../../Users/Thomas/Documents/GitHub/Bomber-Man-Programming-Test/BomberMan/Content/StarterContent/Textures/T_Concrete_Panels_N.uasset"
[2017.08.19-19.19.39:381][  0]LogPackFactory: Copied "../../../Samples/StarterContent/Content/StarterContent/Textures/T_Concrete_Poured_D.uasset" to "../../../../../../Users/Thomas/Documents/GitHub/Bomber-Man-Programming-Test/BomberMan/Content/StarterContent/Textures/T_Concrete_Poured_D.uasset"
[2017.08.19-19.19.39:391][  0]LogPackFactory: Copied "../../../Samples/StarterContent/Content/StarterContent/Textures/T_Concrete_Poured_N.uasset" to "../../../../../../Users/Thomas/Documents/GitHub/Bomber-Man-Programming-Test/BomberMan/Content/StarterContent/Textures/T_Concrete_Poured_N.uasset"
[2017.08.19-19.19.39:398][  0]LogPackFactory: Copied "../../../Samples/StarterContent/Content/StarterContent/Textures/T_Concrete_Tiles_D.uasset" to "../../../../../../Users/Thomas/Documents/GitHub/Bomber-Man-Programming-Test/BomberMan/Content/StarterContent/Textures/T_Concrete_Tiles_D.uasset"
[2017.08.19-19.19.39:407][  0]LogPackFactory: Copied "../../../Samples/StarterContent/Content/StarterContent/Textures/T_Concrete_Tiles_M.uasset" to "../../../../../../Users/Thomas/Documents/GitHub/Bomber-Man-Programming-Test/BomberMan/Content/StarterContent/Textures/T_Concrete_Tiles_M.uasset"
[2017.08.19-19.19.39:414][  0]LogPackFactory: Copied "../../../Samples/StarterContent/Content/StarterContent/Textures/T_Concrete_Tiles_N.uasset" to "../../../../../../Users/Thomas/Documents/GitHub/Bomber-Man-Programming-Test/BomberMan/Content/StarterContent/Textures/T_Concrete_Tiles_N.uasset"
[2017.08.19-19.19.39:417][  0]LogPackFactory: Copied "../../../Samples/StarterContent/Content/StarterContent/Textures/T_Concrete_Tiles_Variation_M.uasset" to "../../../../../../Users/Thomas/Documents/GitHub/Bomber-Man-Programming-Test/BomberMan/Content/StarterContent/Textures/T_Concrete_Tiles_Variation_M.uasset"
[2017.08.19-19.19.39:423][  0]LogPackFactory: Copied "../../../Samples/StarterContent/Content/StarterContent/Textures/T_Detail_Rocky_N.uasset" to "../../../../../../Users/Thomas/Documents/GitHub/Bomber-Man-Programming-Test/BomberMan/Content/StarterContent/Textures/T_Detail_Rocky_N.uasset"
[2017.08.19-19.19.39:428][  0]LogPackFactory: Copied "../../../Samples/StarterContent/Content/StarterContent/Textures/T_Door_M.uasset" to "../../../../../../Users/Thomas/Documents/GitHub/Bomber-Man-Programming-Test/BomberMan/Content/StarterContent/Textures/T_Door_M.uasset"
[2017.08.19-19.19.39:432][  0]LogPackFactory: Copied "../../../Samples/StarterContent/Content/StarterContent/Textures/T_Door_N.uasset" to "../../../../../../Users/Thomas/Documents/GitHub/Bomber-Man-Programming-Test/BomberMan/Content/StarterContent/Textures/T_Door_N.uasset"
[2017.08.19-19.19.39:435][  0]LogPackFactory: Copied "../../../Samples/StarterContent/Content/StarterContent/Textures/T_Dust_Particle_D.uasset" to "../../../../../../Users/Thomas/Documents/GitHub/Bomber-Man-Programming-Test/BomberMan/Content/StarterContent/Textures/T_Dust_Particle_D.uasset"
[2017.08.19-19.19.39:441][  0]LogPackFactory: Copied "../../../Samples/StarterContent/Content/StarterContent/Textures/T_Explosion_SubUV.uasset" to "../../../../../../Users/Thomas/Documents/GitHub/Bomber-Man-Programming-Test/BomberMan/Content/StarterContent/Textures/T_Explosion_SubUV.uasset"
[2017.08.19-19.19.39:445][  0]LogPackFactory: Copied "../../../Samples/StarterContent/Content/StarterContent/Textures/T_Fire_SubUV.uasset" to "../../../../../../Users/Thomas/Documents/GitHub/Bomber-Man-Programming-Test/BomberMan/Content/StarterContent/Textures/T_Fire_SubUV.uasset"
[2017.08.19-19.19.39:448][  0]LogPackFactory: Copied "../../../Samples/StarterContent/Content/StarterContent/Textures/T_Fire_Tiled_D.uasset" to "../../../../../../Users/Thomas/Documents/GitHub/Bomber-Man-Programming-Test/BomberMan/Content/StarterContent/Textures/T_Fire_Tiled_D.uasset"
[2017.08.19-19.19.39:452][  0]LogPackFactory: Copied "../../../Samples/StarterContent/Content/StarterContent/Textures/T_Frame_M.uasset" to "../../../../../../Users/Thomas/Documents/GitHub/Bomber-Man-Programming-Test/BomberMan/Content/StarterContent/Textures/T_Frame_M.uasset"
[2017.08.19-19.19.39:456][  0]LogPackFactory: Copied "../../../Samples/StarterContent/Content/StarterContent/Textures/T_Frame_N.uasset" to "../../../../../../Users/Thomas/Documents/GitHub/Bomber-Man-Programming-Test/BomberMan/Content/StarterContent/Textures/T_Frame_N.uasset"
[2017.08.19-19.19.39:461][  0]LogPackFactory: Copied "../../../Samples/StarterContent/Content/StarterContent/Textures/T_Gradinet_01.uasset" to "../../../../../../Users/Thomas/Documents/GitHub/Bomber-Man-Programming-Test/BomberMan/Content/StarterContent/Textures/T_Gradinet_01.uasset"
[2017.08.19-19.19.39:472][  0]LogPackFactory: Copied "../../../Samples/StarterContent/Content/StarterContent/Textures/T_Ground_Grass_D.uasset" to "../../../../../../Users/Thomas/Documents/GitHub/Bomber-Man-Programming-Test/BomberMan/Content/StarterContent/Textures/T_Ground_Grass_D.uasset"
[2017.08.19-19.19.39:483][  0]LogPackFactory: Copied "../../../Samples/StarterContent/Content/StarterContent/Textures/T_Ground_Grass_N.uasset" to "../../../../../../Users/Thomas/Documents/GitHub/Bomber-Man-Programming-Test/BomberMan/Content/StarterContent/Textures/T_Ground_Grass_N.uasset"
[2017.08.19-19.19.39:494][  0]LogPackFactory: Copied "../../../Samples/StarterContent/Content/StarterContent/Textures/T_Ground_Gravel_D.uasset" to "../../../../../../Users/Thomas/Documents/GitHub/Bomber-Man-Programming-Test/BomberMan/Content/StarterContent/Textures/T_Ground_Gravel_D.uasset"
[2017.08.19-19.19.39:503][  0]LogPackFactory: Copied "../../../Samples/StarterContent/Content/StarterContent/Textures/T_Ground_Gravel_N.uasset" to "../../../../../../Users/Thomas/Documents/GitHub/Bomber-Man-Programming-Test/BomberMan/Content/StarterContent/Textures/T_Ground_Gravel_N.uasset"
[2017.08.19-19.19.39:515][  0]LogPackFactory: Copied "../../../Samples/StarterContent/Content/StarterContent/Textures/T_ground_Moss_D.uasset" to "../../../../../../Users/Thomas/Documents/GitHub/Bomber-Man-Programming-Test/BomberMan/Content/StarterContent/Textures/T_ground_Moss_D.uasset"
[2017.08.19-19.19.39:525][  0]LogPackFactory: Copied "../../../Samples/StarterContent/Content/StarterContent/Textures/T_Ground_Moss_N.uasset" to "../../../../../../Users/Thomas/Documents/GitHub/Bomber-Man-Programming-Test/BomberMan/Content/StarterContent/Textures/T_Ground_Moss_N.uasset"
[2017.08.19-19.19.39:529][  0]LogPackFactory: Copied "../../../Samples/StarterContent/Content/StarterContent/Textures/T_Lamp_M.uasset" to "../../../../../../Users/Thomas/Documents/GitHub/Bomber-Man-Programming-Test/BomberMan/Content/StarterContent/Textures/T_Lamp_M.uasset"
[2017.08.19-19.19.39:535][  0]LogPackFactory: Copied "../../../Samples/StarterContent/Content/StarterContent/Textures/T_Lamp_N.uasset" to "../../../../../../Users/Thomas/Documents/GitHub/Bomber-Man-Programming-Test/BomberMan/Content/StarterContent/Textures/T_Lamp_N.uasset"
[2017.08.19-19.19.39:547][  0]LogPackFactory: Copied "../../../Samples/StarterContent/Content/StarterContent/Textures/T_MacroVariation.uasset" to "../../../../../../Users/Thomas/Documents/GitHub/Bomber-Man-Programming-Test/BomberMan/Content/StarterContent/Textures/T_MacroVariation.uasset"
[2017.08.19-19.19.39:557][  0]LogPackFactory: Copied "../../../Samples/StarterContent/Content/StarterContent/Textures/T_Metal_Aluminum_D.uasset" to "../../../../../../Users/Thomas/Documents/GitHub/Bomber-Man-Programming-Test/BomberMan/Content/StarterContent/Textures/T_Metal_Aluminum_D.uasset"
[2017.08.19-19.19.39:566][  0]LogPackFactory: Copied "../../../Samples/StarterContent/Content/StarterContent/Textures/T_Metal_Copper_D.uasset" to "../../../../../../Users/Thomas/Documents/GitHub/Bomber-Man-Programming-Test/BomberMan/Content/StarterContent/Textures/T_Metal_Copper_D.uasset"
[2017.08.19-19.19.39:576][  0]LogPackFactory: Copied "../../../Samples/StarterContent/Content/StarterContent/Textures/T_Metal_Gold_D.uasset" to "../../../../../../Users/Thomas/Documents/GitHub/Bomber-Man-Programming-Test/BomberMan/Content/StarterContent/Textures/T_Metal_Gold_D.uasset"
[2017.08.19-19.19.39:582][  0]LogPackFactory: Copied "../../../Samples/StarterContent/Content/StarterContent/Textures/T_Metal_Gold_N.uasset" to "../../../../../../Users/Thomas/Documents/GitHub/Bomber-Man-Programming-Test/BomberMan/Content/StarterContent/Textures/T_Metal_Gold_N.uasset"
[2017.08.19-19.19.39:592][  0]LogPackFactory: Copied "../../../Samples/StarterContent/Content/StarterContent/Textures/T_Metal_Rust_D.uasset" to "../../../../../../Users/Thomas/Documents/GitHub/Bomber-Man-Programming-Test/BomberMan/Content/StarterContent/Textures/T_Metal_Rust_D.uasset"
[2017.08.19-19.19.39:600][  0]LogPackFactory: Copied "../../../Samples/StarterContent/Content/StarterContent/Textures/T_Metal_Rust_N.uasset" to "../../../../../../Users/Thomas/Documents/GitHub/Bomber-Man-Programming-Test/BomberMan/Content/StarterContent/Textures/T_Metal_Rust_N.uasset"
[2017.08.19-19.19.39:607][  0]LogPackFactory: Copied "../../../Samples/StarterContent/Content/StarterContent/Textures/T_Metal_Steel_D.uasset" to "../../../../../../Users/Thomas/Documents/GitHub/Bomber-Man-Programming-Test/BomberMan/Content/StarterContent/Textures/T_Metal_Steel_D.uasset"
[2017.08.19-19.19.39:614][  0]LogPackFactory: Copied "../../../Samples/StarterContent/Content/StarterContent/Textures/T_Metal_Steel_N.uasset" to "../../../../../../Users/Thomas/Documents/GitHub/Bomber-Man-Programming-Test/BomberMan/Content/StarterContent/Textures/T_Metal_Steel_N.uasset"
[2017.08.19-19.19.39:623][  0]LogPackFactory: Copied "../../../Samples/StarterContent/Content/StarterContent/Textures/T_Perlin_Noise_M.uasset" to "../../../../../../Users/Thomas/Documents/GitHub/Bomber-Man-Programming-Test/BomberMan/Content/StarterContent/Textures/T_Perlin_Noise_M.uasset"
[2017.08.19-19.19.39:629][  0]LogPackFactory: Copied "../../../Samples/StarterContent/Content/StarterContent/Textures/T_RockMesh_M.uasset" to "../../../../../../Users/Thomas/Documents/GitHub/Bomber-Man-Programming-Test/BomberMan/Content/StarterContent/Textures/T_RockMesh_M.uasset"
[2017.08.19-19.19.39:637][  0]LogPackFactory: Copied "../../../Samples/StarterContent/Content/StarterContent/Textures/T_RockMesh_N.uasset" to "../../../../../../Users/Thomas/Documents/GitHub/Bomber-Man-Programming-Test/BomberMan/Content/StarterContent/Textures/T_RockMesh_N.uasset"
[2017.08.19-19.19.39:648][  0]LogPackFactory: Copied "../../../Samples/StarterContent/Content/StarterContent/Textures/T_Rock_Basalt_D.uasset" to "../../../../../../Users/Thomas/Documents/GitHub/Bomber-Man-Programming-Test/BomberMan/Content/StarterContent/Textures/T_Rock_Basalt_D.uasset"
[2017.08.19-19.19.39:657][  0]LogPackFactory: Copied "../../../Samples/StarterContent/Content/StarterContent/Textures/T_Rock_Basalt_N.uasset" to "../../../../../../Users/Thomas/Documents/GitHub/Bomber-Man-Programming-Test/BomberMan/Content/StarterContent/Textures/T_Rock_Basalt_N.uasset"
[2017.08.19-19.19.39:663][  0]LogPackFactory: Copied "../../../Samples/StarterContent/Content/StarterContent/Textures/T_Rock_Marble_Polished_D.uasset" to "../../../../../../Users/Thomas/Documents/GitHub/Bomber-Man-Programming-Test/BomberMan/Content/StarterContent/Textures/T_Rock_Marble_Polished_D.uasset"
[2017.08.19-19.19.39:674][  0]LogPackFactory: Copied "../../../Samples/StarterContent/Content/StarterContent/Textures/T_Rock_Sandstone_D.uasset" to "../../../../../../Users/Thomas/Documents/GitHub/Bomber-Man-Programming-Test/BomberMan/Content/StarterContent/Textures/T_Rock_Sandstone_D.uasset"
[2017.08.19-19.19.39:682][  0]LogPackFactory: Copied "../../../Samples/StarterContent/Content/StarterContent/Textures/T_Rock_Sandstone_N.uasset" to "../../../../../../Users/Thomas/Documents/GitHub/Bomber-Man-Programming-Test/BomberMan/Content/StarterContent/Textures/T_Rock_Sandstone_N.uasset"
[2017.08.19-19.19.39:693][  0]LogPackFactory: Copied "../../../Samples/StarterContent/Content/StarterContent/Textures/T_Rock_Slate_D.uasset" to "../../../../../../Users/Thomas/Documents/GitHub/Bomber-Man-Programming-Test/BomberMan/Content/StarterContent/Textures/T_Rock_Slate_D.uasset"
[2017.08.19-19.19.39:706][  0]LogPackFactory: Copied "../../../Samples/StarterContent/Content/StarterContent/Textures/T_Rock_Slate_N.uasset" to "../../../../../../Users/Thomas/Documents/GitHub/Bomber-Man-Programming-Test/BomberMan/Content/StarterContent/Textures/T_Rock_Slate_N.uasset"
[2017.08.19-19.19.39:720][  0]LogPackFactory: Copied "../../../Samples/StarterContent/Content/StarterContent/Textures/T_Rock_Smooth_Granite_D.uasset" to "../../../../../../Users/Thomas/Documents/GitHub/Bomber-Man-Programming-Test/BomberMan/Content/StarterContent/Textures/T_Rock_Smooth_Granite_D.uasset"
[2017.08.19-19.19.39:725][  0]LogPackFactory: Copied "../../../Samples/StarterContent/Content/StarterContent/Textures/T_Shelf_M.uasset" to "../../../../../../Users/Thomas/Documents/GitHub/Bomber-Man-Programming-Test/BomberMan/Content/StarterContent/Textures/T_Shelf_M.uasset"
[2017.08.19-19.19.39:730][  0]LogPackFactory: Copied "../../../Samples/StarterContent/Content/StarterContent/Textures/T_Shelf_N.uasset" to "../../../../../../Users/Thomas/Documents/GitHub/Bomber-Man-Programming-Test/BomberMan/Content/StarterContent/Textures/T_Shelf_N.uasset"
[2017.08.19-19.19.39:735][  0]LogPackFactory: Copied "../../../Samples/StarterContent/Content/StarterContent/Textures/T_Single_Tile_N.uasset" to "../../../../../../Users/Thomas/Documents/GitHub/Bomber-Man-Programming-Test/BomberMan/Content/StarterContent/Textures/T_Single_Tile_N.uasset"
[2017.08.19-19.19.39:743][  0]LogPackFactory: Copied "../../../Samples/StarterContent/Content/StarterContent/Textures/T_Smoke_SubUV.uasset" to "../../../../../../Users/Thomas/Documents/GitHub/Bomber-Man-Programming-Test/BomberMan/Content/StarterContent/Textures/T_Smoke_SubUV.uasset"
[2017.08.19-19.19.39:747][  0]LogPackFactory: Copied "../../../Samples/StarterContent/Content/StarterContent/Textures/T_Smoke_Tiled_D.uasset" to "../../../../../../Users/Thomas/Documents/GitHub/Bomber-Man-Programming-Test/BomberMan/Content/StarterContent/Textures/T_Smoke_Tiled_D.uasset"
[2017.08.19-19.19.39:751][  0]LogPackFactory: Copied "../../../Samples/StarterContent/Content/StarterContent/Textures/T_Spark_Core.uasset" to "../../../../../../Users/Thomas/Documents/GitHub/Bomber-Man-Programming-Test/BomberMan/Content/StarterContent/Textures/T_Spark_Core.uasset"
[2017.08.19-19.19.39:756][  0]LogPackFactory: Copied "../../../Samples/StarterContent/Content/StarterContent/Textures/T_Statue_M.uasset" to "../../../../../../Users/Thomas/Documents/GitHub/Bomber-Man-Programming-Test/BomberMan/Content/StarterContent/Textures/T_Statue_M.uasset"
[2017.08.19-19.19.39:763][  0]LogPackFactory: Copied "../../../Samples/StarterContent/Content/StarterContent/Textures/T_Statue_N.uasset" to "../../../../../../Users/Thomas/Documents/GitHub/Bomber-Man-Programming-Test/BomberMan/Content/StarterContent/Textures/T_Statue_N.uasset"
[2017.08.19-19.19.39:768][  0]LogPackFactory: Copied "../../../Samples/StarterContent/Content/StarterContent/Textures/T_TableRound_M.uasset" to "../../../../../../Users/Thomas/Documents/GitHub/Bomber-Man-Programming-Test/BomberMan/Content/StarterContent/Textures/T_TableRound_M.uasset"
[2017.08.19-19.19.39:776][  0]LogPackFactory: Copied "../../../Samples/StarterContent/Content/StarterContent/Textures/T_TableRound_N.uasset" to "../../../../../../Users/Thomas/Documents/GitHub/Bomber-Man-Programming-Test/BomberMan/Content/StarterContent/Textures/T_TableRound_N.uasset"
[2017.08.19-19.19.39:781][  0]LogPackFactory: Copied "../../../Samples/StarterContent/Content/StarterContent/Textures/T_Tech_Dot_M.uasset" to "../../../../../../Users/Thomas/Documents/GitHub/Bomber-Man-Programming-Test/BomberMan/Content/StarterContent/Textures/T_Tech_Dot_M.uasset"
[2017.08.19-19.19.39:784][  0]LogPackFactory: Copied "../../../Samples/StarterContent/Content/StarterContent/Textures/T_Tech_Dot_N.uasset" to "../../../../../../Users/Thomas/Documents/GitHub/Bomber-Man-Programming-Test/BomberMan/Content/StarterContent/Textures/T_Tech_Dot_N.uasset"
[2017.08.19-19.19.39:795][  0]LogPackFactory: Copied "../../../Samples/StarterContent/Content/StarterContent/Textures/T_Tech_Hex_Tile_M.uasset" to "../../../../../../Users/Thomas/Documents/GitHub/Bomber-Man-Programming-Test/BomberMan/Content/StarterContent/Textures/T_Tech_Hex_Tile_M.uasset"
[2017.08.19-19.19.39:799][  0]LogPackFactory: Copied "../../../Samples/StarterContent/Content/StarterContent/Textures/T_Tech_Hex_Tile_N.uasset" to "../../../../../../Users/Thomas/Documents/GitHub/Bomber-Man-Programming-Test/BomberMan/Content/StarterContent/Textures/T_Tech_Hex_Tile_N.uasset"
[2017.08.19-19.19.39:803][  0]LogPackFactory: Copied "../../../Samples/StarterContent/Content/StarterContent/Textures/T_Tech_Panel_M.uasset" to "../../../../../../Users/Thomas/Documents/GitHub/Bomber-Man-Programming-Test/BomberMan/Content/StarterContent/Textures/T_Tech_Panel_M.uasset"
[2017.08.19-19.19.39:808][  0]LogPackFactory: Copied "../../../Samples/StarterContent/Content/StarterContent/Textures/T_Tech_Panel_N.uasset" to "../../../../../../Users/Thomas/Documents/GitHub/Bomber-Man-Programming-Test/BomberMan/Content/StarterContent/Textures/T_Tech_Panel_N.uasset"
[2017.08.19-19.19.39:818][  0]LogPackFactory: Copied "../../../Samples/StarterContent/Content/StarterContent/Textures/T_Water_M.uasset" to "../../../../../../Users/Thomas/Documents/GitHub/Bomber-Man-Programming-Test/BomberMan/Content/StarterContent/Textures/T_Water_M.uasset"
[2017.08.19-19.19.39:825][  0]LogPackFactory: Copied "../../../Samples/StarterContent/Content/StarterContent/Textures/T_Water_N.uasset" to "../../../../../../Users/Thomas/Documents/GitHub/Bomber-Man-Programming-Test/BomberMan/Content/StarterContent/Textures/T_Water_N.uasset"
[2017.08.19-19.19.39:832][  0]LogPackFactory: Copied "../../../Samples/StarterContent/Content/StarterContent/Textures/T_Wood_Floor_Walnut_D.uasset" to "../../../../../../Users/Thomas/Documents/GitHub/Bomber-Man-Programming-Test/BomberMan/Content/StarterContent/Textures/T_Wood_Floor_Walnut_D.uasset"
[2017.08.19-19.19.39:838][  0]LogPackFactory: Copied "../../../Samples/StarterContent/Content/StarterContent/Textures/T_Wood_Floor_Walnut_M.uasset" to "../../../../../../Users/Thomas/Documents/GitHub/Bomber-Man-Programming-Test/BomberMan/Content/StarterContent/Textures/T_Wood_Floor_Walnut_M.uasset"
[2017.08.19-19.19.39:849][  0]LogPackFactory: Copied "../../../Samples/StarterContent/Content/StarterContent/Textures/T_Wood_Floor_Walnut_N.uasset" to "../../../../../../Users/Thomas/Documents/GitHub/Bomber-Man-Programming-Test/BomberMan/Content/StarterContent/Textures/T_Wood_Floor_Walnut_N.uasset"
[2017.08.19-19.19.39:856][  0]LogPackFactory: Copied "../../../Samples/StarterContent/Content/StarterContent/Textures/T_Wood_Oak_D.uasset" to "../../../../../../Users/Thomas/Documents/GitHub/Bomber-Man-Programming-Test/BomberMan/Content/StarterContent/Textures/T_Wood_Oak_D.uasset"
[2017.08.19-19.19.39:863][  0]LogPackFactory: Copied "../../../Samples/StarterContent/Content/StarterContent/Textures/T_Wood_Oak_N.uasset" to "../../../../../../Users/Thomas/Documents/GitHub/Bomber-Man-Programming-Test/BomberMan/Content/StarterContent/Textures/T_Wood_Oak_N.uasset"
[2017.08.19-19.19.39:872][  0]LogPackFactory: Copied "../../../Samples/StarterContent/Content/StarterContent/Textures/T_Wood_Pine_D.uasset" to "../../../../../../Users/Thomas/Documents/GitHub/Bomber-Man-Programming-Test/BomberMan/Content/StarterContent/Textures/T_Wood_Pine_D.uasset"
[2017.08.19-19.19.39:883][  0]LogPackFactory: Copied "../../../Samples/StarterContent/Content/StarterContent/Textures/T_Wood_Pine_N.uasset" to "../../../../../../Users/Thomas/Documents/GitHub/Bomber-Man-Programming-Test/BomberMan/Content/StarterContent/Textures/T_Wood_Pine_N.uasset"
[2017.08.19-19.19.39:892][  0]LogPackFactory: Copied "../../../Samples/StarterContent/Content/StarterContent/Textures/T_Wood_Walnut_D.uasset" to "../../../../../../Users/Thomas/Documents/GitHub/Bomber-Man-Programming-Test/BomberMan/Content/StarterContent/Textures/T_Wood_Walnut_D.uasset"
[2017.08.19-19.19.39:899][  0]LogPackFactory: Copied "../../../Samples/StarterContent/Content/StarterContent/Textures/T_Wood_Walnut_N.uasset" to "../../../../../../Users/Thomas/Documents/GitHub/Bomber-Man-Programming-Test/BomberMan/Content/StarterContent/Textures/T_Wood_Walnut_N.uasset"
[2017.08.19-19.19.39:998][  0]LogRenderer: Reallocating scene render targets to support 256x256 NumSamples 1 (Frame:1).
[2017.08.19-19.19.40:060][  0]LogSavePackage: Save=11.27ms
[2017.08.19-19.19.40:060][  0]LogSavePackage: Moving '../../../../../../Users/Thomas/Documents/GitHub/Bomber-Man-Programming-Test/BomberMan/Saved/Floor_400x4002EF82E3B42CEAA53E28D0F9C97A2E8C2.tmp' to '../../../../../../Users/Thomas/Documents/GitHub/Bomber-Man-Programming-Test/BomberMan/Content/StarterContent/Architecture/Floor_400x400.uasset'
[2017.08.19-19.19.40:069][  0]LogSavePackage:Display: Finished SavePackage ../../../../../../Users/Thomas/Documents/GitHub/Bomber-Man-Programming-Test/BomberMan/Content/StarterContent/Architecture/Floor_400x400.uasset
[2017.08.19-19.19.40:069][  0]LogFeaturePack:Warning: Inserted 1 feature packs
[2017.08.19-19.19.40:074][  0]Cmd: MAP LOAD FILE="../../../../../../Users/Thomas/Documents/GitHub/Bomber-Man-Programming-Test/BomberMan/Content/TopDownCPP/Maps/TopDownExampleMap.umap" TEMPLATE=0 SHOWPROGRESS=1 FEATURELEVEL=3
[2017.08.19-19.19.40:074][  0]LightingResults: New page: Lighting Build
[2017.08.19-19.19.40:110][  0]MapCheck: New page: Map Check
[2017.08.19-19.19.40:110][  0]LightingResults: New page: Lighting Build
[2017.08.19-19.19.40:266][  0]LogAIModule: Creating AISystem for world TopDownExampleMap
[2017.08.19-19.19.40:272][  0]LogEditorServer: Finished looking for orphan Actors (0.000 secs)
[2017.08.19-19.19.40:284][  0]Cmd: MAP CHECKDEP NOCLEARLOG
[2017.08.19-19.19.40:327][  0]MapCheck: Info Map check complete: 0 Error(s), 0 Warning(s), took 43.124ms to complete.
[2017.08.19-19.19.40:327][  0]LogFileHelpers: Loading map 'TopDownExampleMap' took 0.253
[2017.08.19-19.19.40:463][  0]LogCollectionManager: Loaded 0 collections in 0.001118 seconds
[2017.08.19-19.19.40:535][  0]LogFileCache: Scanning file cache for directory 'C:/Users/Thomas/Documents/GitHub/Bomber-Man-Programming-Test/BomberMan/Saved/Collections/' took 0.01s
[2017.08.19-19.19.40:535][  0]LogFileCache: Scanning file cache for directory 'C:/Users/Thomas/Documents/GitHub/Bomber-Man-Programming-Test/BomberMan/Content/Developers/Thomas/Collections/' took 0.01s
[2017.08.19-19.19.40:535][  0]LogFileCache: Scanning file cache for directory 'C:/Users/Thomas/Documents/GitHub/Bomber-Man-Programming-Test/BomberMan/Content/Collections/' took 0.01s
[2017.08.19-19.19.40:535][  0]LogCollectionManager: Rebuilt the GUID cache for 0 collections in 0.000002 seconds
[2017.08.19-19.19.40:544][  0]LogContentBrowser: Native class hierarchy populated in 0.0088 seconds. Added 2332 classes and 493 folders.
[2017.08.19-19.19.40:609][  0]LogContentBrowser: Native class hierarchy updated for 'WidgetCarousel' in 0.0010 seconds. Added 0 classes and 0 folders.
[2017.08.19-19.19.40:642][  0]LogContentBrowser: Native class hierarchy updated for 'AddContentDialog' in 0.0012 seconds. Added 0 classes and 0 folders.
[2017.08.19-19.19.40:685][  0]LogContentBrowser: Native class hierarchy updated for 'SceneOutliner' in 0.0010 seconds. Added 1 classes and 2 folders.
[2017.08.19-19.19.40:725][  0]LogCrashTracker: Crashtracker disabled due to settings.
[2017.08.19-19.19.40:729][  0]LogSlate: Took 0.000179 seconds to synchronously load lazily loaded font '../../../Engine/Content/Slate/Fonts/Roboto-Regular.ttf' (155K)
[2017.08.19-19.19.40:731][  0]LogSlate: Took 0.000146 seconds to synchronously load lazily loaded font '../../../Engine/Content/Slate/Fonts/Roboto-Bold.ttf' (160K)
[2017.08.19-19.19.40:735][  0]LogSlate: Took 0.000155 seconds to synchronously load lazily loaded font '../../../Engine/Content/Editor/Slate/Fonts/FontAwesome.ttf' (139K)
[2017.08.19-19.19.40:765][  0]LogRenderer: Reallocating scene render targets to support 1556x576 NumSamples 1 (Frame:1).
[2017.08.19-19.19.40:806][  0]LogSlate: Took 0.000144 seconds to synchronously load lazily loaded font '../../../Engine/Content/Slate/Fonts/Roboto-Light.ttf' (159K)
[2017.08.19-19.19.40:846][  0]LogUObjectGlobals:Warning: Failed to find object 'Class None.'
[2017.08.19-19.19.40:907][  0]LogContentBrowser: Native class hierarchy updated for 'HierarchicalLODOutliner' in 0.0010 seconds. Added 1 classes and 2 folders.
[2017.08.19-19.19.40:907][  0]LogLoad: (Engine Initialization) Total time: 17.10 seconds
[2017.08.19-19.19.40:907][  0]LogLoad: (Engine Initialization) Total Blueprint compile time: 0.09 seconds
[2017.08.19-19.19.40:907][  0]LogExternalProfiler: Found external profiler: VSPerf
[2017.08.19-19.19.40:907][  0]LogExternalProfiler: Using external profiler: VSPerf
[2017.08.19-19.19.40:917][  0]LogWindowsTextInputMethodSystem:Display: IME system now deactivated.
[2017.08.19-19.19.40:918][  0]LogOcInput: OculusInput pre-init called
[2017.08.19-19.19.40:918][  0]LogHMD: Starting GearVRController plugin
[2017.08.19-19.19.40:937][  0]LogAssetRegistry: Asset discovery search completed in 11.3141 seconds
[2017.08.19-19.19.40:939][  0]LogCollectionManager: Rebuilt the object cache for 0 collections in 0.000001 seconds (found 0 objects)
[2017.08.19-19.19.40:939][  0]LogCollectionManager: Fixed up redirectors for 0 collections in 0.000031 seconds (updated 0 objects)
[2017.08.19-19.19.41:033][  0]LogContentStreaming: Texture pool size now 1000 MB
